<?xml version="1.0" encoding="utf-8"?><testsuites><testsuite name="pytest" errors="0" failures="0" skipped="2" tests="1288" time="104.834" timestamp="2026-07-06T19:49:04.518538" hostname="192-222-50-58"><testcase classname="packages.methylalignmentqc.tests.test_alignment_derived_qc" name="test_compute_alignment_stats_mapping_rate" time="0.001" /><testcase classname="packages.methylalignmentqc.tests.test_alignment_derived_qc" name="test_apply_alignment_guardrails_fail_low_mapping" time="0.001" /><testcase classname="packages.methylalignmentqc.tests.test_alignment_derived_qc" name="test_apply_alignment_guardrails_disabled_skips" time="0.000" /><testcase classname="packages.methylalignmentqc.tests.test_bam_flagstat" name="test_parse_flagstat_text" time="0.000" /><testcase classname="packages.methylalignmentqc.tests.test_bam_flagstat" name="test_build_flagstat_metrics_properly_paired_rate" time="0.001" /><testcase classname="packages.methylalignmentqc.tests.test_bam_flagstat" name="test_build_flagstat_metrics_is_alignment_flagstat_model" time="0.000" /><testcase classname="packages.methylalignmentqc.tests.test_bam_flagstat" name="test_apply_flagstat_guardrails_fail_low_pairing" time="0.000" /><testcase classname="packages.methylalignmentqc.tests.test_bam_flagstat" name="test_apply_flagstat_guardrails_pass" time="0.000" /><testcase classname="packages.methylalignmentqc.tests.test_bam_flagstat" name="test_apply_flagstat_guardrails_fail_on_error" time="0.000" /><testcase classname="packages.methylalignmentqc.tests.test_bam_flagstat" name="test_flagstat_bam_preflight_error" time="0.005" /><testcase classname="packages.methylalignmentqc.tests.test_bam_flagstat" name="test_run_flagstat_rejects_empty_bam" time="0.002" /><testcase classname="packages.methylalignmentqc.tests.test_bam_flagstat" name="test_validate_bam_accepts_bgzf_gzip_prefix" time="0.001" /><testcase classname="packages.methylalignmentqc.tests.test_bam_flagstat" name="test_validate_bam_rejects_non_gzip_prefix" time="0.002" /><testcase classname="packages.methylalignmentqc.tests.test_bisulfite_conversion" name="test_sidecar_conversion_guardrails_pass" time="0.001" /><testcase classname="packages.methylalignmentqc.tests.test_bisulfite_conversion" name="test_low_conversion_fails_guardrail" time="0.001" /><testcase classname="packages.methylalignmentqc.tests.test_cycle_quality_screening" name="test_screen_pass_when_overall_pass" time="0.001" /><testcase classname="packages.methylalignmentqc.tests.test_cycle_quality_screening" name="test_screen_pass_when_overall_pass_despite_low_cycles" time="0.001" /><testcase classname="packages.methylalignmentqc.tests.test_cycle_quality_screening" name="test_compute_trim_front2_requires_recovery" time="0.000" /><testcase classname="packages.methylalignmentqc.tests.test_cycle_quality_screening" name="test_screen_r2_no_recovery_avoids_realign_trim" time="0.001" /><testcase classname="packages.methylalignmentqc.tests.test_cycle_quality_screening" name="test_screen_r2_start_dip_only" time="0.001" /><testcase classname="packages.methylalignmentqc.tests.test_cycle_quality_screening" name="test_screen_multi_region" time="0.001" /><testcase classname="packages.methylalignmentqc.tests.test_cycle_quality_screening" name="test_screen_guardrail_only" time="0.001" /><testcase classname="packages.methylalignmentqc.tests.test_cycle_quality_screening" name="test_fixture_003772_r2_trim" time="0.002" /><testcase classname="packages.methylalignmentqc.tests.test_cycle_quality_screening" name="test_writer_qc_history_merge_on_retry" time="0.012" /><testcase classname="packages.methylalignmentqc.tests.test_fragmentomics" name="test_compute_fragmentomics_metrics_cfdna" time="0.001" /><testcase classname="packages.methylalignmentqc.tests.test_fragmentomics" name="test_apply_fragmentomics_adds_guardrails_and_fails_short_fraction" time="0.001" /><testcase classname="packages.methylalignmentqc.tests.test_fragmentomics" name="test_resolve_fragmentomics_from_primary_analyte" time="0.000" /><testcase classname="packages.methylalignmentqc.tests.test_fragmentomics" name="test_resolve_fragmentomics_off_when_disabled" time="0.000" /><testcase classname="packages.methylalignmentqc.tests.test_guardrail_migration" name="test_migrate_guardrail_metric_from_diagnostic_fields" time="0.000" /><testcase classname="packages.methylalignmentqc.tests.test_guardrail_migration" name="test_migrate_guardrail_metric_prefers_legacy_note" time="0.000" /><testcase classname="packages.methylalignmentqc.tests.test_guardrail_migration" name="test_migrate_guardrails_payload_noop_when_already_migrated" time="0.000" /><testcase classname="packages.methylalignmentqc.tests.test_guardrail_migration" name="test_migrate_file_apply_overwrites_json" time="0.002" /><testcase classname="packages.methylalignmentqc.tests.test_project_resolver" name="test_resolve_alignment_qc_config_output_dir_and_sample_paths" time="0.028" /><testcase classname="packages.methylalignmentqc.tests.test_project_resolver" name="test_resolve_alignment_qc_config_site_validate_schema" time="0.002" /><testcase classname="packages.methylalignmentqc.tests.test_project_resolver" name="test_resolve_alignment_qc_config_supports_control_and_label_filters" time="0.003" /><testcase classname="packages.methylalignmentqc.tests.test_sample_qc_backfill" name="test_build_sample_qc_v2_dict_minimal_guardrails" time="0.003" /><testcase classname="packages.methylalignmentqc.tests.test_sample_qc_backfill" name="test_build_sample_qc_v2_dict_cfdna_profile_layers" time="0.003" /><testcase classname="packages.methylalignmentqc.tests.test_sample_qc_backfill" name="test_build_sample_qc_v2_dict_real_fixture_sample" time="0.017" /><testcase classname="packages.methylalignmentqc.tests.test_sample_qc_backfill" name="test_backfill_cli_writes_json_and_summary" time="2.590" /><testcase classname="packages.methylalignmentqc.tests.test_sample_qc_backfill" name="test_backfill_cli_stdout_and_output_both_written" time="2.612" /><testcase classname="packages.methylalignmentqc.tests.test_sample_qc_backfill" name="test_process_samples_to_qc_jsons_parses_dedup_metrics_once" time="0.012" /><testcase classname="packages.methylalignmentqc.tests.test_v1_to_v2_migration" name="test_v1_to_v2_transposes_row_sections" time="0.002" /><testcase classname="packages.methylalignmentqc.tests.test_v1_to_v2_migration" name="test_v2_payload_detected_idempotent_skip" time="0.002" /><testcase classname="packages.methylalignmentqc.tests.test_v1_to_v2_migration" name="test_convert_file_apply_writes_default_v2_suffix" time="0.005" /><testcase classname="packages.methylalignmentqc.tests.test_v1_to_v2_migration" name="test_convert_file_apply_with_backup" time="0.005" /><testcase classname="packages.methylalignmentqc.tests.test_v1_to_v2_migration" name="test_legacy_guardrail_threshold_migrated_then_converted" time="0.002" /><testcase classname="packages.methylalignmentqc.tests.test_v1_to_v2_migration" name="test_cli_single_file_dry_run" time="2.625" /><testcase classname="packages.methylalignmentqc.tests.test_v1_to_v2_migration" name="test_end_to_end_writer_output_is_v2" time="0.007" /><testcase classname="packages.methylalignmentqc.tests.test_writer_guardrails" name="test_process_samples_to_qc_jsons_includes_guardrails_when_parabricks_json_present" time="0.006" /><testcase classname="packages.methylalignmentqc.tests.test_writer_guardrails" name="test_process_samples_to_qc_jsons_fails_when_parabricks_json_missing" time="0.003" /><testcase classname="packages.methylalignmentqc.tests.test_writer_guardrails" name="test_process_samples_to_qc_jsons_uses_qc_metrics_tar_when_json_is_guardrails_stub" time="0.002" /><testcase classname="packages.methylalignmentqc.tests.test_writer_guardrails" name="test_build_sample_qc_v2_dict_falls_back_to_qc_metrics_tar" time="0.003" /><testcase classname="packages.methylalignmentqc.tests.test_writer_guardrails" name="test_process_samples_to_qc_jsons_uses_canonical_sample_json_name_only" time="0.002" /><testcase classname="packages.methylclassifier.tests.test_basic" name="test_extract_sample_features_dmp_past_last_position_no_index_error" time="0.125" /><testcase classname="packages.methylclassifier.tests.test_basic" name="test_chromosome_keys_to_str_unifies_int_and_str_keys" time="0.001" /><testcase classname="packages.methylclassifier.tests.test_basic" name="test_extract_chrom_context_from_classifier_fallback" time="0.001" /><testcase classname="packages.methylclassifier.tests.test_basic" name="test_classify_samples_from_list_realigns_expected_classes" time="0.005" /><testcase classname="packages.methylclassifier.tests.test_calibration_holdout" name="test_stratified_calibration_fit_mask_per_class_floor" time="0.001" /><testcase classname="packages.methylclassifier.tests.test_calibration_holdout" name="test_stratified_calibration_fit_mask_more_train_when_fraction_high" time="0.001" /><testcase classname="packages.methylclassifier.tests.test_calibration_holdout" name="test_stratified_calibration_fit_mask_degenerate_returns_all_true" time="0.000" /><testcase classname="packages.methylclassifier.tests.test_calibration_holdout" name="test_calibrate_probabilities_fit_mask_uses_subset" time="0.005" /><testcase classname="packages.methylclassifier.tests.test_calibration_holdout" name="test_fit_chromosome_weights_fit_row_mask_wrong_length_raises" time="0.001" /><testcase classname="packages.methylclassifier.tests.test_calibration_holdout" name="test_fit_chromosome_weights_fit_row_mask_runs" time="0.002" /><testcase classname="packages.methylclassifier.tests.test_extract_sample_features_missing" name="test_nan_at_matched_position_is_unavailable" time="0.001" /><testcase classname="packages.methylclassifier.tests.test_native_multiclass" name="test_merge_dmp_csvs_preserves_per_comparison_feature_columns" time="0.048" /><testcase classname="packages.methylclassifier.tests.test_native_multiclass" name="test_native_multiclass_contrast_mode_prefers_matching_disease_class" time="0.001" /><testcase classname="packages.methylclassifier.tests.test_native_multiclass" name="test_build_native_multiclass_model_loads_and_scores" time="0.691" /><testcase classname="packages.methylclassifier.tests.test_native_multiclass" name="test_compute_pre_softmax_scores_softmax_matches_predict_proba" time="0.002" /><testcase classname="packages.methylclassifier.tests.test_native_multiclass" name="test_native_multiclass_learned_head_smoke" time="0.008" /><testcase classname="packages.methylclassifier.tests.test_native_multiclass" name="test_build_learned_multiclass_requires_project_path" time="0.683" /><testcase classname="packages.methylclassifier.tests.test_ovr_ecdf" name="test_build_union_dmp_overlapping_columns" time="0.059" /><testcase classname="packages.methylclassifier.tests.test_ovr_ecdf" name="test_fuse_ovr_binary_probas_rows_sum_to_one" time="0.001" /><testcase classname="packages.methylclassifier.tests.test_ovr_ecdf" name="test_fuse_ovr_binary_probas_all_nan_heads_yields_uniform" time="0.001" /><testcase classname="packages.methylclassifier.tests.test_ovr_ecdf" name="test_fuse_ovr_binary_probas_nan_head_reweights_remaining" time="0.001" /><testcase classname="packages.methylclassifier.tests.test_ovr_ecdf" name="test_fuse_pairwise_max_contrast_avoids_aggregate_softmax_with_pairwises" time="0.001" /><testcase classname="packages.methylclassifier.tests.test_ovr_ecdf" name="test_methyl_classifier_ovr_pkl_predict_proba_shape" time="0.045" /><testcase classname="packages.methylclassifier.tests.test_ovr_ecdf" name="test_methyl_classifier_ovr_save_writes_ecdf_one_vs_rest_dict" time="0.027" /><testcase classname="packages.methylclassifier.tests.test_ovr_ecdf" name="test_classifier_config_ovr_binary_paths_assembles_without_model_dir" time="0.021" /><testcase classname="packages.methylclassifier.tests.test_ovr_ecdf" name="test_export_ovr_pkl_helpers_match_cli_bundle" time="0.035" /><testcase classname="packages.methylclassifier.tests.test_ovr_ecdf" name="test_default_ovr_unified_classifier_basename_matches_project_contexts" time="0.002" /><testcase classname="packages.methylclassifier.tests.test_ovr_ecdf" name="test_classifier_step_dict_has_ovr_sources" time="0.000" /><testcase classname="packages.methylclassifier.tests.test_ovr_ecdf" name="test_expand_ovr_paths_from_healthy_pca_project_comparisons" time="0.001"><skipped type="pytest.skip" message="repo configs/project_Healthy_vs_PCa1-4.json not present">/home/ubuntu/MethylPipeline/packages/methylclassifier/tests/test_ovr_ecdf.py:306: repo configs/project_Healthy_vs_PCa1-4.json not present</skipped></testcase><testcase classname="packages.methylclassifier.tests.test_ovr_ecdf" name="test_ovr_multichrom_expert_reorders_columns_when_positions_differ_from_union_sort" time="0.029" /><testcase classname="packages.methylclassifier.tests.test_ovr_ecdf" name="test_ovr_pairwise_aggregate_control_head" time="0.047" /><testcase classname="packages.methylclassifier.tests.test_ovr_ecdf" name="test_ovr_bipartite_two_controls_two_diseases" time="0.089" /><testcase classname="packages.methylclassifier.tests.test_ovr_ecdf" name="test_ovr_detection_dirs_multichrom_two_chromosomes" time="0.106" /><testcase classname="packages.methylclassifier.tests.test_panel_fusion" name="test_validate_spec_duplicate_class_raises" time="0.001" /><testcase classname="packages.methylclassifier.tests.test_panel_fusion" name="test_validate_spec_missing_disease_raises" time="0.001" /><testcase classname="packages.methylclassifier.tests.test_panel_fusion" name="test_pairwise_max_contrast_required" time="0.001" /><testcase classname="packages.methylclassifier.tests.test_panel_fusion" name="test_compute_panel_outputs_labels" time="0.001" /><testcase classname="packages.methylclassifier.tests.test_panel_fusion" name="test_compute_family_max_logits_column_mismatch_raises" time="0.001" /><testcase classname="packages.methylclassifier.tests.test_panel_fusion" name="test_classification_config_accepts_panel" time="0.000" /><testcase classname="packages.methylclassifier.tests.test_panel_fusion" name="test_panel_labels_explicit" time="0.001" /><testcase classname="packages.methylclassifier.tests.test_prediction_abstention" name="test_abstention_uniform_and_negative_prediction" time="0.001" /><testcase classname="packages.methylclassifier.tests.test_prediction_abstention" name="test_abstention_disabled" time="0.000" /><testcase classname="packages.methylclassifier.tests.test_train_main_group" name="test_train_main_rejects_unknown_group" time="0.004" /><testcase classname="packages.methylclassifier.tests.test_training_cohort_resolver" name="test_apply_training_cohort_to_classifier_base_sets_sample_paths" time="0.001" /><testcase classname="packages.methylclassifier.tests.test_training_cohort_resolver" name="test_apply_training_cohort_skips_when_explicit_paths_set" time="0.001" /><testcase classname="packages.methylcluster.tests.test_cluster_config" name="test_minimal_config_applies_documented_defaults" time="0.001" /><testcase classname="packages.methylcluster.tests.test_cluster_config" name="test_context_must_be_valid" time="0.002" /><testcase classname="packages.methylcluster.tests.test_cluster_config" name="test_requires_at_least_two_samples" time="0.002" /><testcase classname="packages.methylcluster.tests.test_cluster_config" name="test_selection_method_must_be_eom_or_leaf" time="0.002" /><testcase classname="packages.methylcluster.tests.test_cluster_config" name="test_assignment_temperature_bounds[0.05]" time="0.001" /><testcase classname="packages.methylcluster.tests.test_cluster_config" name="test_assignment_temperature_bounds[25.0]" time="0.001" /><testcase classname="packages.methylcluster.tests.test_cluster_config" name="test_forced_groups_sizes_must_sum_to_samples" time="0.002" /><testcase classname="packages.methylcluster.tests.test_cluster_config" name="test_forced_groups_require_centroid_method" time="0.002" /><testcase classname="packages.methylcluster.tests.test_cluster_config" name="test_valid_forced_groups_roundtrip_to_file" time="0.002" /><testcase classname="packages.methylcluster.tests.test_cluster_config" name="test_cluster_metric_to_factory_name_matches_value" time="0.000" /><testcase classname="packages.methylcluster.tests.test_utils" name="test_validate_sample_paths_returns_dirs_when_h5_present" time="0.002" /><testcase classname="packages.methylcluster.tests.test_utils" name="test_validate_sample_paths_raises_on_missing_h5" time="0.002" /><testcase classname="packages.methylcluster.tests.test_utils" name="test_validate_sample_paths_raises_on_missing_dir" time="0.002" /><testcase classname="packages.methylcluster.tests.test_utils" name="test_compute_distance_statistics_uses_upper_triangle" time="0.001" /><testcase classname="packages.methylcluster.tests.test_utils" name="test_create_cluster_summary_counts_clusters_and_noise" time="0.001" /><testcase classname="packages.methylderivedmeasures.tests.test_genome_measures" name="test_binary_entropy_and_weighted_fraction" time="0.001" /><testcase classname="packages.methylderivedmeasures.tests.test_genome_measures" name="test_adjacent_disagreement_fraction" time="0.000" /><testcase classname="packages.methylderivedmeasures.tests.test_genome_measures" name="test_pmd_load_fraction_valid_mask_operator_precedence" time="0.000" /><testcase classname="packages.methylderivedmeasures.tests.test_genome_measures" name="test_pmd_load_fraction_excludes_non_finite_betas" time="0.001" /><testcase classname="packages.methylderivedmeasures.tests.test_genome_measures_stats" name="test_binary_entropy_is_one_bit_at_beta_half" time="0.000" /><testcase classname="packages.methylderivedmeasures.tests.test_genome_measures_stats" name="test_binary_entropy_near_zero_for_extreme_beta" time="0.000" /><testcase classname="packages.methylderivedmeasures.tests.test_genome_measures_stats" name="test_binary_entropy_empty_and_zero_weights_return_nan" time="0.000" /><testcase classname="packages.methylderivedmeasures.tests.test_genome_measures_stats" name="test_weighted_fraction_counts_weight_in_range" time="0.000" /><testcase classname="packages.methylderivedmeasures.tests.test_genome_measures_stats" name="test_weighted_fraction_zero_weight_returns_nan" time="0.000" /><testcase classname="packages.methylderivedmeasures.tests.test_genome_measures_stats" name="test_adjacent_disagreement_fraction_on_neighboring_positions" time="0.000" /><testcase classname="packages.methylderivedmeasures.tests.test_genome_measures_stats" name="test_adjacent_disagreement_requires_two_covered_sites" time="0.000" /><testcase classname="packages.methylderivedmeasures.tests.test_genome_measures_stats" name="test_pmd_load_fraction_detects_hypomethylated_windows" time="0.001" /><testcase classname="packages.methylderivedmeasures.tests.test_genome_measures_stats" name="test_pmd_load_fraction_zero_for_methylated_genome" time="0.001" /><testcase classname="packages.methyldetector.tests.test_classifier_extended_export" name="test_compute_extended_panel_k_applies_margin_and_cap" time="0.002" /><testcase classname="packages.methyldetector.tests.test_classifier_extended_export" name="test_classifier_extended_dmps_from_core_expands_ranked_pool" time="0.002" /><testcase classname="packages.methyldetector.tests.test_detector_config_strict" name="test_rejects_removed_detector_keys[use_gpu-True-use_gpu was removed]" time="0.002" /><testcase classname="packages.methyldetector.tests.test_detector_config_strict" name="test_rejects_removed_detector_keys[max_dmps_for_classifier-10000-max_dmps_for_classifier was removed]" time="0.002" /><testcase classname="packages.methyldetector.tests.test_detector_config_strict" name="test_rejects_removed_detector_keys[validation_mode-real-validation_mode was removed]" time="0.002" /><testcase classname="packages.methyldetector.tests.test_detector_config_strict" name="test_rejects_removed_detector_keys[n_validation_samples-50-n_validation_samples was removed]" time="0.002" /><testcase classname="packages.methyldetector.tests.test_detector_config_strict" name="test_rejects_removed_detector_keys[min_sample_coverage-4-min_sample_coverage was removed]" time="0.002" /><testcase classname="packages.methyldetector.tests.test_detector_config_strict" name="test_rejects_removed_detector_keys[classifier_coverage_weighting-False-classifier_coverage_weighting was removed]" time="0.002" /><testcase classname="packages.methyldetector.tests.test_detector_config_strict" name="test_rejects_removed_detector_keys[min_validation_coverage_per_position-3-min_validation_coverage_per_position was removed]" time="0.002" /><testcase classname="packages.methyldetector.tests.test_detector_config_strict" name="test_rejects_removed_detector_keys[synthetic_config-bad_value7-synthetic_config was removed]" time="0.002" /><testcase classname="packages.methyldetector.tests.test_detector_config_strict" name="test_rejects_removed_detector_keys[classifier_type-ecdf-classifier_type was removed]" time="0.002" /><testcase classname="packages.methyldetector.tests.test_detector_config_strict" name="test_rejects_removed_detector_keys[eps-1e-09-eps was removed]" time="0.002" /><testcase classname="packages.methyldetector.tests.test_detector_config_strict" name="test_rejects_unknown_extra_key" time="0.002" /><testcase classname="packages.methyldetector.tests.test_detector_config_strict" name="test_canonical_ecdf_and_featurecuts_keys_validate" time="0.001" /><testcase classname="packages.methyldetector.tests.test_ecdf_only_runtime" name="test_methyl_detector_config_rejects_legacy_distribution_fields" time="0.003" /><testcase classname="packages.methyldetector.tests.test_ecdf_only_runtime" name="test_methyl_detector_config_rejects_removed_statistical_test_option" time="0.002" /><testcase classname="packages.methyldetector.tests.test_ecdf_only_runtime" name="test_methyl_detector_config_persists_validation_split_fields" time="0.001" /><testcase classname="packages.methyldetector.tests.test_ecdf_only_runtime" name="test_methyl_detector_config_rejects_legacy_ecdf_grid_alias" time="0.002" /><testcase classname="packages.methyldetector.tests.test_ecdf_only_runtime" name="test_methyl_centroid_pair_is_ecdf_only" time="1.478" /><testcase classname="packages.methyldetector.tests.test_ecdf_only_runtime" name="test_methyl_centroid_pair_uses_histogram_mann_whitney" time="1.457" /><testcase classname="packages.methyldetector.tests.test_ecdf_only_runtime" name="test_effect_size_coverage_is_applied_per_context" time="0.006" /><testcase classname="packages.methyldetector.tests.test_ecdf_only_runtime" name="test_prepare_validation_splits_uses_all_data_when_ratio_is_zero" time="0.002" /><testcase classname="packages.methyldetector.tests.test_ecdf_only_runtime" name="test_tau2_filter_drops_only_high_heterogeneity_positions" time="0.003" /><testcase classname="packages.methyldetector.tests.test_ecdf_only_runtime" name="test_prefix_cache_matches_direct_validation" time="0.063" /><testcase classname="packages.methyldetector.tests.test_ecdf_only_runtime" name="test_merge_validation_results_merges_training_metrics" time="0.001" /><testcase classname="packages.methyldetector.tests.test_ecdf_only_runtime" name="test_featurecuts_logs_dual_self_check_panels" time="0.002" /><testcase classname="packages.methyldetector.tests.test_ecdf_only_runtime" name="test_featurecuts_strict_ba_rejection_raises" time="0.002" /><testcase classname="packages.methyldetector.tests.test_ecdf_only_runtime" name="test_featurecuts_select_k_strict_ba_raises_not_swallowed" time="0.002" /><testcase classname="packages.methyldetector.tests.test_ecdf_only_runtime" name="test_featurecuts_failure_does_not_fall_back_to_elbow" time="0.003" /><testcase classname="packages.methyldetector.tests.test_explorer.TestMinNFilter" name="test_absolute_min_N" time="0.001" /><testcase classname="packages.methyldetector.tests.test_explorer.TestMinNFilter" name="test_min_N_pct" time="0.000" /><testcase classname="packages.methyldetector.tests.test_explorer" name="test_explorer_lambda_var_optimization_reports_consistently" time="0.134" /><testcase classname="packages.methyldetector.tests.test_explorer" name="test_explorer_runs_mann_whitney_on_delta_reduced_positions" time="0.074" /><testcase classname="packages.methyldetector.tests.test_filter_funnel_output" name="test_filter_funnel_sweep_writes_chromosome_specific_csv" time="0.006" /><testcase classname="packages.methyldetector.tests.test_filter_funnel_output" name="test_filter_funnel_aggregate_combines_per_chrom_files" time="0.007" /><testcase classname="packages.methyldetector.tests.test_filter_funnel_output" name="test_filter_funnel_sweep_then_aggregate_single_chromosome" time="0.007" /><testcase classname="packages.methyldetector.tests.test_fixed_panel_recurrence_metadata" name="test_fixed_panel_recurrence_rejects_frequency_over_one" time="0.002" /><testcase classname="packages.methyldetector.tests.test_fixed_panel_recurrence_metadata" name="test_fixed_panel_recurrence_rejects_frequency_ratio_mismatch" time="0.003" /><testcase classname="packages.methyldetector.tests.test_fixed_panel_recurrence_metadata" name="test_fixed_panel_recurrence_accepts_valid_rows" time="0.002" /><testcase classname="packages.methyldetector.tests.test_min_samples_cohort_size" name="test_cohort_size_prefers_n_samples_metadata" time="0.001" /><testcase classname="packages.methyldetector.tests.test_min_samples_cohort_size" name="test_cohort_size_falls_back_to_n_max" time="0.000" /><testcase classname="packages.methyldetector.tests.test_multiclass_merge_strict" name="test_check_detection_dirs_rejects_missing_output_dir_dict" time="0.001" /><testcase classname="packages.methyldetector.tests.test_multiclass_merge_strict" name="test_check_detection_dirs_rejects_missing_output_dir_pydantic" time="0.001" /><testcase classname="packages.methyldetector.tests.test_multiclass_merge_strict" name="test_check_detection_dirs_rejects_unsupported_type" time="0.001" /><testcase classname="packages.methyldetector.tests.test_multiclass_merge_strict" name="test_check_detection_dirs_accepts_path_like" time="0.002" /><testcase classname="packages.methyldiseaseprogression.tests.test_config" name="test_progression_step_config_defaults" time="0.000" /><testcase classname="packages.methyldiseaseprogression.tests.test_config" name="test_progression_step_config_nested_gene_set_metrics" time="0.000" /><testcase classname="packages.methyldiseaseprogression.tests.test_config" name="test_progression_rejects_unknown_gene_score_mode" time="0.000" /><testcase classname="packages.methyldiseaseprogression.tests.test_gene_set_coverage" name="test_normalize_maps_nested_top_n_universe" time="0.000" /><testcase classname="packages.methyldiseaseprogression.tests.test_gene_set_coverage" name="test_normalize_defaults_output_basename_for_nested_block" time="0.000" /><testcase classname="packages.methyldiseaseprogression.tests.test_gene_set_coverage" name="test_dict_from_categories_filters_invalid_entries" time="0.000" /><testcase classname="packages.methyldiseaseprogression.tests.test_gene_set_coverage" name="test_load_gene_set_profile_from_inline_categories" time="0.000" /><testcase classname="packages.methyldiseaseprogression.tests.test_gene_set_coverage" name="test_load_gene_set_profile_empty_when_nothing_configured" time="0.000" /><testcase classname="packages.methyldiseaseprogression.tests.test_gene_set_coverage" name="test_summary_reports_disabled_for_empty_frame" time="0.001" /><testcase classname="packages.methyldiseaseprogression.tests.test_gene_set_coverage" name="test_json_payload_roundtrips_rows" time="0.003" /><testcase classname="packages.methyldiseaseprogression.tests.test_gene_set_metrics" name="test_compute_metrics_custom_profile" time="0.101" /><testcase classname="packages.methyldiseaseprogression.tests.test_gene_set_metrics" name="test_cli_enables_metrics_with_bundled_profile" time="0.105" /><testcase classname="packages.methyldiseaseprogression.tests.test_gene_set_metrics" name="test_metrics_disabled_by_default" time="0.078" /><testcase classname="packages.methyldiseaseprogression.tests.test_gene_set_metrics" name="test_nested_gene_set_metrics_plan_config" time="0.098" /><testcase classname="packages.methyldiseaseprogression.tests.test_gene_set_metrics" name="test_inline_gene_set_profile_categories" time="0.098" /><testcase classname="packages.methyldiseaseprogression.tests.test_gene_set_metrics" name="test_gene_set_metrics_skips_stage_with_malformed_mapper_columns" time="0.088" /><testcase classname="packages.methyldiseaseprogression.tests.test_progression" name="test_progression_report_writes_outputs" time="0.083" /><testcase classname="packages.methyldiseaseprogression.tests.test_progression" name="test_progression_report_respects_explicit_order" time="0.079" /><testcase classname="packages.methyldiseaseprogression.tests.test_progression" name="test_progression_report_strict_missing_fails" time="0.063" /><testcase classname="packages.methyldiseaseprogression.tests.test_progression" name="test_progression_report_skips_malformed_mapper_stage_when_not_strict" time="0.075" /><testcase classname="packages.methyldiseaseprogression.tests.test_progression" name="test_progression_prefers_module_primary_for_long_table" time="0.084" /><testcase classname="packages.methyldiseaseprogression.tests.test_progression" name="test_progression_falls_back_to_module_display_when_primary_missing" time="0.080" /><testcase classname="packages.methyldiseaseprogression.tests.test_progression" name="test_progression_variant_prefers_stable_family_key" time="0.081" /><testcase classname="packages.methyldiseaseprogression.tests.test_progression" name="test_progression_variant_derives_stable_family_from_legacy_columns" time="0.082" /><testcase classname="packages.methyldiseaseprogression.tests.test_progression" name="test_progression_detailed_matches_similar_noncanonical_entities" time="0.083" /><testcase classname="packages.methyldiseaseprogression.tests.test_progression" name="test_progression_gene_score_mode_effect_x_support" time="0.080" /><testcase classname="packages.methyldiseaseprogression.tests.test_progression" name="test_progression_uses_project_comparison_order" time="0.081" /><testcase classname="packages.methyldiseaseprogression.tests.test_progression" name="test_progression_effect_x_support_fallback_to_gene_importance" time="0.077" /><testcase classname="packages.methyldiseaseprogression.tests.test_progression" name="test_progression_writes_modules_activity_long_when_columns_present" time="0.110" /><testcase classname="packages.methyldiseaseprogression.tests.test_progression" name="test_progression_activity_columns_backward_compatible_when_absent" time="0.081" /><testcase classname="packages.methyldiseaseprogression.tests.test_progression" name="test_progression_activity_sanitizes_non_finite_values" time="0.110" /><testcase classname="packages.methyldiseaseprogression.tests.test_progression" name="test_progression_activity_preserves_nan_as_zero_and_negative_inf_as_zero" time="0.109" /><testcase classname="packages.methyldmpselect.tests.test_dmp_select_config" name="test_dmp_selection_config_accepts_selection_mode" time="0.001" /><testcase classname="packages.methyldmpselect.tests.test_runner" name="test_run_dmp_selection_uses_config_chromosome" time="0.010" /><testcase classname="packages.methyldomain.tests.test_domain_types" name="test_domain_type_names_match_model_registry" time="0.000" /><testcase classname="packages.methyldomain.tests.test_domain_types" name="test_extraction_qc_ref_parse_roundtrip" time="0.000" /><testcase classname="packages.methyldomain.tests.test_domain_types" name="test_tagged_json_roundtrip" time="0.000" /><testcase classname="packages.methyldomain.tests.test_domain_types" name="test_stratified_cohort_draw_has_type" time="0.000" /><testcase classname="packages.methyldomain.tests.test_domain_types" name="test_groups_from_mc_run_dir_binary" time="0.002" /><testcase classname="packages.methyldomain.tests.test_domain_types" name="test_detection_ref_from_detector_output" time="0.000" /><testcase classname="packages.methyldomain.tests.test_domain_types" name="test_domain_schema_export_and_drift_check" time="0.205" /><testcase classname="packages.methyldomain.tests.test_helpers" name="test_safe_cohort_filename_label_sanitizes_and_falls_back" time="0.001" /><testcase classname="packages.methyldomain.tests.test_helpers" name="test_csv_sample_count_excludes_header" time="0.002" /><testcase classname="packages.methyldomain.tests.test_helpers" name="test_detection_ref_accepts_both_key_casings" time="0.000" /><testcase classname="packages.methyldomain.tests.test_helpers" name="test_resolve_methylation_h5_path_prefers_listed_files" time="0.000" /><testcase classname="packages.methyldomain.tests.test_helpers" name="test_resolve_methylation_h5_path_uses_pattern_when_no_files" time="0.000" /><testcase classname="packages.methyldomain.tests.test_helpers" name="test_resolve_methylation_h5_path_requires_methylation_ref" time="0.001" /><testcase classname="packages.methyldomain.tests.test_helpers" name="test_comparisons_from_project_json_reads_both_casings" time="0.002" /><testcase classname="packages.methyldomain.tests.test_helpers" name="test_apply_qc_and_tagged_json_roundtrip" time="0.000" /><testcase classname="packages.methyldomain.tests.test_helpers" name="test_parse_domain_value_rejects_unknown_type" time="0.001" /><testcase classname="packages.methyldomain.tests.test_methylation_paths" name="test_resolve_methylation_h5_path_from_pattern" time="0.000" /><testcase classname="packages.methyldomain.tests.test_methylation_paths" name="test_resolve_methylation_h5_path_from_h5_files" time="0.000" /><testcase classname="packages.methyldomain.tests.test_methylation_paths" name="test_resolve_methylation_h5_path_requires_methylation_ref" time="0.000" /><testcase classname="packages.methyldomain.tests.test_platform_storage" name="test_normalize_s3_endpoint_url_adds_https" time="0.000" /><testcase classname="packages.methyldomain.tests.test_platform_storage" name="test_profile_json_builds_myqnap_h5_defaults" time="0.000" /><testcase classname="packages.methyldomain.tests.test_platform_storage" name="test_profile_json_to_h5_storage_dict_reveals_secrets" time="0.000" /><testcase classname="packages.methyldomain.tests.test_resolved_project" name="test_build_resolved_project_from_smoke_project" time="0.493" /><testcase classname="packages.methylenricher.tests.test_cisbp" name="test_config_nested_and_flat" time="0.001" /><testcase classname="packages.methylenricher.tests.test_cisbp" name="test_cisbp_categorized_as_tf" time="0.000" /><testcase classname="packages.methylenricher.tests.test_cisbp" name="test_registry_modes_and_stubs" time="0.000" /><testcase classname="packages.methylenricher.tests.test_cisbp" name="test_disabled_returns_none" time="0.002" /><testcase classname="packages.methylenricher.tests.test_cisbp" name="test_pwm_load_and_scan" time="0.002" /><testcase classname="packages.methylenricher.tests.test_cisbp" name="test_prebuilt_gmt_ora_and_merge" time="0.030" /><testcase classname="packages.methylenricher.tests.test_cisbp" name="test_load_gmt_preserves_first_gene_when_description_is_empty" time="0.002" /><testcase classname="packages.methylenricher.tests.test_cisbp" name="test_promoter_scan_gmt_build" time="0.012" /><testcase classname="packages.methylenricher.tests.test_cisbp" name="test_ensure_complete_path_runs_cisbp" time="0.015" /><testcase classname="packages.methylenricher.tests.test_cisbp" name="test_context_defaults_genome_fasta_and_gtf_from_project" time="0.001" /><testcase classname="packages.methylenricher.tests.test_cisbp" name="test_resolve_bundle_local_dir" time="0.005" /><testcase classname="packages.methylenricher.tests.test_cisbp" name="test_annotate_tf_metadata_from_chea" time="0.012" /><testcase classname="packages.methylenricher.tests.test_cisbp" name="test_cisbp_multi_mode_labels" time="0.001" /><testcase classname="packages.methylenricher.tests.test_cisbp" name="test_normalize_tf_name" time="0.000" /><testcase classname="packages.methylenricher.tests.test_cisbp" name="test_motif_scan_dmp_region_ora" time="0.018" /><testcase classname="packages.methylenricher.tests.test_cisbp" name="test_motif_scan_requires_dmp_inputs" time="0.002" /><testcase classname="packages.methylenricher.tests.test_cisbp" name="test_resolve_bundle_rechecks_cache_after_lock" time="0.002" /><testcase classname="packages.methylenricher.tests.test_cli_network_refinement_config" name="test_apply_nested_network_refinement_config" time="0.001" /><testcase classname="packages.methylenricher.tests.test_cli_network_refinement_config" name="test_apply_network_refinement_respects_non_default_cli_values" time="0.001" /><testcase classname="packages.methylenricher.tests.test_cli_network_refinement_config" name="test_apply_dash_runtime_config" time="0.001" /><testcase classname="packages.methylenricher.tests.test_enricher_completeness" name="test_classify_enrich_error_429" time="0.000" /><testcase classname="packages.methylenricher.tests.test_enricher_completeness" name="test_is_cisbp_library_label" time="0.000" /><testcase classname="packages.methylenricher.tests.test_enricher_completeness" name="test_sanitize_enrichment_df_clamps_zero_pvalues" time="0.003" /><testcase classname="packages.methylenricher.tests.test_enricher_completeness" name="test_merge_cisbp_appended_after_primary_libraries" time="0.016" /><testcase classname="packages.methylenricher.tests.test_enricher_completeness" name="test_merge_cisbp_only_does_not_write_top_hits" time="0.008" /><testcase classname="packages.methylenricher.tests.test_enricher_completeness" name="test_merge_library_results_from_csvs" time="0.009" /><testcase classname="packages.methylenricher.tests.test_enricher_completeness" name="test_production_enricher_root_not_control_subdir" time="0.005" /><testcase classname="packages.methylenricher.tests.test_enricher_completeness" name="test_assess_completeness_detects_missing" time="0.003" /><testcase classname="packages.methylenricher.tests.test_enricher_completeness" name="test_enrich_one_library_retries_then_succeeds" time="0.017" /><testcase classname="packages.methylenricher.tests.test_enricher_project_resolver" name="test_resolve_enricher_paths_defaults_to_project_roots" time="0.022" /><testcase classname="packages.methylenricher.tests.test_enricher_project_resolver" name="test_resolve_enricher_paths_per_comparison_uses_canonical_layout" time="0.005" /><testcase classname="packages.methylenricher.tests.test_enricher_project_resolver" name="test_resolve_enricher_paths_warns_on_legacy_alias_keys" time="0.020" /><testcase classname="packages.methylenricher.tests.test_enricher_project_resolver" name="test_resolve_methyl_enricher_home_defaults" time="0.005" /><testcase classname="packages.methylenricher.tests.test_enricher_project_resolver" name="test_resolve_methyl_enricher_home_from_site_config" time="0.002" /><testcase classname="packages.methylenricher.tests.test_enricher_queue" name="test_plan_and_export_queue" time="0.005" /><testcase classname="packages.methylenricher.tests.test_enricher_queue" name="test_parse_task_file" time="0.004" /><testcase classname="packages.methylenricher.tests.test_ensure_complete_empty_genes" name="test_sort_by_total_weight_maps_to_gene_importance" time="0.004" /><testcase classname="packages.methylenricher.tests.test_ensure_complete_empty_genes" name="test_ensure_complete_skips_comparison_when_filters_remove_all_genes" time="0.005" /><testcase classname="packages.methylenricher.tests.test_gene_q_filter_guard" name="test_skip_gene_q_filter_when_no_finite_values" time="0.001" /><testcase classname="packages.methylenricher.tests.test_hits_weighting" name="test_gene_importance_is_used_as_canonical_weight" time="0.001" /><testcase classname="packages.methylenricher.tests.test_hits_weighting" name="test_hits_filter_removes_rows_without_any_hits" time="0.003" /><testcase classname="packages.methylenricher.tests.test_hits_weighting" name="test_load_gene_list_requires_mapper_contract_columns" time="0.004" /><testcase classname="packages.methylenricher.tests.test_hits_weighting" name="test_min_dmp_count_falls_back_to_unique_dmps_when_dmp_count_missing" time="0.001" /><testcase classname="packages.methylenricher.tests.test_module_network_plot_dash" name="test_build_cytoscape_payload_schema_is_stable" time="0.005" /><testcase classname="packages.methylenricher.tests.test_module_network_plot_dash" name="test_write_network_plots_cytoscape_json_regression" time="0.005" /><testcase classname="packages.methylenricher.tests.test_module_network_plot_dash" name="test_write_network_plots_dash_routes_to_launcher" time="0.007" /><testcase classname="packages.methylenricher.tests.test_module_pipeline_disease_prior" name="test_modules_include_disease_columns_when_prior_exists" time="0.031" /><testcase classname="packages.methylenricher.tests.test_module_pipeline_disease_prior" name="test_modules_omit_disease_columns_when_no_disease_metadata" time="0.026" /><testcase classname="packages.methylenricher.tests.test_module_pipeline_disease_prior" name="test_modules_omit_disease_columns_when_prior_filters_to_empty" time="0.027" /><testcase classname="packages.methylenricher.tests.test_module_pipeline_disease_prior" name="test_modules_export_activity_columns" time="0.028" /><testcase classname="packages.methylenricher.tests.test_module_pipeline_labeling" name="test_dual_label_mode_keeps_canonical_primary" time="0.026" /><testcase classname="packages.methylenricher.tests.test_module_pipeline_labeling" name="test_canonical_only_mode_does_not_append_subtitle" time="0.027" /><testcase classname="packages.methylenricher.tests.test_module_pipeline_labeling" name="test_module_variant_family_is_deterministic_from_qvalue_order" time="0.004" /><testcase classname="packages.methylenricher.tests.test_module_pipeline_network_refinement" name="test_module_pipeline_network_refinement_local_edges" time="0.051" /><testcase classname="packages.methylenricher.tests.test_module_pipeline_network_refinement" name="test_module_pipeline_network_refinement_fallback" time="0.032" /><testcase classname="packages.methylenricher.tests.test_module_pipeline_network_refinement" name="test_module_pipeline_passes_ppi_dataset_to_dash" time="0.050" /><testcase classname="packages.methylenricher.tests.test_network_discovery" name="test_run_network_discovery_writes_db_and_export" time="0.036" /><testcase classname="packages.methylenricher.tests.test_network_discovery" name="test_resolve_discovery_paths_uses_home_root" time="0.002" /><testcase classname="packages.methylenricher.tests.test_pathway_clustering" name="test_canonical_pathway_key_case_and_whitespace" time="0.000" /><testcase classname="packages.methylenricher.tests.test_pathway_clustering" name="test_pathway_gene_sets_merge_same_canonical_name" time="0.001" /><testcase classname="packages.methylenricher.tests.test_pathway_clustering" name="test_run_pathway_clustering_single_node_per_canonical_name" time="0.001" /><testcase classname="packages.methylenricher.tests.test_pathway_clustering" name="test_cluster_pathways_louvain_passes_random_state" time="0.001" /><testcase classname="packages.methylenricher.tests.test_ppi_network" name="test_normalize_gene_symbols_deduplicates_and_upcases" time="0.000" /><testcase classname="packages.methylenricher.tests.test_ppi_network" name="test_load_local_edges_supports_source_target" time="0.005" /><testcase classname="packages.methylenricher.tests.test_ppi_network" name="test_attach_signal_reorders_hubs_by_methylation_weight" time="0.010" /><testcase classname="packages.methylenricher.tests.test_ppi_network" name="test_rank_hubs_topology_ignores_weight_ordering" time="0.006" /><testcase classname="packages.methylenricher.tests.test_ppi_network" name="test_compute_module_coherence_outputs_expected_columns" time="0.004" /><testcase classname="packages.methylenricher.tests.test_ppi_network" name="test_fetch_string_edges_uses_cache" time="0.010" /><testcase classname="packages.methylenricher.tests.test_weighted_enrichment_metrics" name="test_attach_weighted_overlap_metrics_uses_gene_weights" time="0.002" /><testcase classname="packages.methylextractionqc.tests.test_guardrails" name="test_evaluate_guardrails_passes_good_manifest" time="0.001" /><testcase classname="packages.methylextractionqc.tests.test_guardrails" name="test_evaluate_guardrails_fails_low_coverage" time="0.000" /><testcase classname="packages.methylextractionqc.tests.test_guardrails" name="test_evaluate_guardrails_fails_high_chh" time="0.000" /><testcase classname="packages.methylextractionqc.tests.test_guardrails" name="test_process_sample_extraction_qc_writes_json" time="0.003" /><testcase classname="packages.methylextractionqc.tests.test_guardrails" name="test_process_sample_extraction_qc_requires_manifest" time="0.002" /><testcase classname="packages.methylfragmentomics.tests.test_bam_resolve" name="test_resolve_explicit_sample_bam_paths" time="0.002" /><testcase classname="packages.methylfragmentomics.tests.test_bam_resolve" name="test_resolve_canonical_bam_in_sample_dir" time="0.002" /><testcase classname="packages.methylfragmentomics.tests.test_chrom_set" name="test_chrom_set_bare_names_include_chr_prefixed" time="0.000" /><testcase classname="packages.methylfragmentomics.tests.test_chrom_set" name="test_chrom_set_chr_prefixed_names_include_bare" time="0.000" /><testcase classname="packages.methylfragmentomics.tests.test_chrom_set" name="test_chrom_set_falls_back_to_project_chromosomes" time="0.000" /><testcase classname="packages.methylfragmentomics.tests.test_chrom_set" name="test_chrom_set_none_when_unconfigured" time="0.000" /><testcase classname="packages.methylfragmentomics.tests.test_fragmentomics_summaries" name="test_summarize_end_motifs_reports_totals_and_top" time="0.000" /><testcase classname="packages.methylfragmentomics.tests.test_fragmentomics_summaries" name="test_write_end_motifs_tsv_sorted_with_fractions" time="0.002" /><testcase classname="packages.methylfragmentomics.tests.test_fragmentomics_summaries" name="test_summarize_wps_empty_bins" time="0.000" /><testcase classname="packages.methylfragmentomics.tests.test_fragmentomics_summaries" name="test_summarize_wps_aggregates_bins" time="0.000" /><testcase classname="packages.methylfragmentomics.tests.test_fragmentomics_summaries" name="test_write_wps_tsv_computes_bin_bounds" time="0.002" /><testcase classname="packages.methylgenefeatureselect.tests.test_gene_feature_runner" name="test_feature_importance_column_falls_back_to_gene_body" time="0.000" /><testcase classname="packages.methylgenefeatureselect.tests.test_gene_feature_runner" name="test_build_structural_feature_catalog_drops_placeholder_genes" time="0.005" /><testcase classname="packages.methylgenefeatureselect.tests.test_gene_feature_runner" name="test_build_structural_feature_catalog_empty_when_no_files" time="0.003" /><testcase classname="packages.methylgenefeatureselect.tests.test_gene_feature_runner" name="test_run_gene_feature_selection_writes_outputs_and_audit" time="0.008" /><testcase classname="packages.methylgenefeatureselect.tests.test_gene_feature_runner" name="test_run_gene_feature_selection_respects_max_features" time="0.007" /><testcase classname="packages.methylgenefeatureselect.tests.test_gene_feature_runner" name="test_run_gene_feature_selection_skips_when_outputs_exist" time="0.003" /><testcase classname="packages.methylgenefeatureselect.tests.test_gene_feature_runner" name="test_run_gene_feature_selection_raises_when_no_features" time="0.003" /><testcase classname="packages.methylgeneselect.tests.test_caps" name="test_coerce_positive_int_rejects_nonpositive_and_garbage" time="0.000" /><testcase classname="packages.methylgeneselect.tests.test_caps" name="test_no_layer_supplies_caps_returns_none" time="0.000" /><testcase classname="packages.methylgeneselect.tests.test_caps" name="test_explicit_task_input_takes_precedence" time="0.000" /><testcase classname="packages.methylgeneselect.tests.test_caps" name="test_resolved_config_used_when_task_input_absent" time="0.000" /><testcase classname="packages.methylgeneselect.tests.test_caps" name="test_mc_config_snapshot_fills_remaining_caps" time="0.002" /><testcase classname="packages.methylgeneselect.tests.test_caps" name="test_load_mc_config_returns_empty_when_missing" time="0.002" /><testcase classname="packages.methylgeneselect.tests.test_dmp_panel" name="test_load_discovery_dmp_panel_deduplicates_across_chromosomes" time="0.010" /><testcase classname="packages.methylgeneselect.tests.test_dmp_panel" name="test_load_classifier_dmp_panel_prefers_classifier_exports" time="0.009" /><testcase classname="packages.methylgeneselect.tests.test_dmp_panel" name="test_load_classifier_dmp_panel_per_dir_extended_fallback" time="0.008" /><testcase classname="packages.methylgeneselect.tests.test_project_config" name="test_build_gene_select_config_merges_gene_selection_and_validation" time="0.003" /><testcase classname="packages.methylgeneselect.tests.test_project_config" name="test_build_gene_select_config_applies_site_and_profile_caps" time="0.002" /><testcase classname="packages.methylinfotheory.tests.test_cohort_jsd" name="test_cohort_jsd_zero_for_identical_distributions" time="0.010" /><testcase classname="packages.methylinfotheory.tests.test_cohort_jsd" name="test_cohort_jsd_positive_for_different_distributions" time="0.009" /><testcase classname="packages.methylinfotheory.tests.test_differential" name="test_differential_near_zero_for_identical_groups" time="0.542" /><testcase classname="packages.methylinfotheory.tests.test_differential" name="test_differential_large_jsd_for_disjoint_patterns" time="0.490" /><testcase classname="packages.methylinfotheory.tests.test_dynamics_scaffold" name="test_dynamics_disabled_by_default" time="0.001" /><testcase classname="packages.methylinfotheory.tests.test_dynamics_scaffold" name="test_dynamics_enabled_returns_not_computed" time="0.001" /><testcase classname="packages.methylinfotheory.tests.test_ising_fit" name="test_ising_fit_low_entropy_for_peaked_distribution" time="0.005" /><testcase classname="packages.methylinfotheory.tests.test_ising_fit" name="test_ising_fit_high_entropy_for_uniform" time="0.001" /><testcase classname="packages.methylinfotheory.tests.test_ising_gpu_parity" name="test_ising_fit_cpu_gpu_parity" time="0.032" /><testcase classname="packages.methylinfotheory.tests.test_ising_measures" name="test_nme_uniform_is_one" time="0.001" /><testcase classname="packages.methylinfotheory.tests.test_ising_measures" name="test_nme_single_pattern_is_zero" time="0.001" /><testcase classname="packages.methylinfotheory.tests.test_ising_measures" name="test_mml_matches_methylated_fraction" time="0.001" /><testcase classname="packages.methylinfotheory.tests.test_ising_measures" name="test_sensitivities_non_negative" time="0.001" /><testcase classname="packages.methylinfotheory.tests.test_patterns" name="test_pattern_entropy_all_same" time="0.001" /><testcase classname="packages.methylinfotheory.tests.test_patterns" name="test_pattern_entropy_uniform_two_patterns" time="0.001" /><testcase classname="packages.methylinfotheory.tests.test_patterns" name="test_pattern_entropy_uniform_all_patterns" time="0.001" /><testcase classname="packages.methylinfotheory.tests.test_patterns" name="test_pattern_epipolymorphism_uniform" time="0.001" /><testcase classname="packages.methylinfotheory.tests.test_patterns" name="test_pattern_pdr_discordant_fraction" time="0.001" /><testcase classname="packages.methylinfotheory.tests.test_runner_ising" name="test_runner_skip_without_sidecars" time="0.003" /><testcase classname="packages.methylinfotheory.tests.test_runner_ising" name="test_runner_v1_columns_without_ising" time="0.132" /><testcase classname="packages.methylinfotheory.tests.test_runner_ising" name="test_runner_ising_columns_and_regions" time="0.935" /><testcase classname="packages.methylinfotheory.tests.test_runner_skip" name="test_runner_skips_when_no_pattern_sidecars" time="0.004" /><testcase classname="packages.methylmapper.tests.test_cache_db" name="test_sqlite_cache_store_wal_and_upsert_batch" time="0.010" /><testcase classname="packages.methylmapper.tests.test_cache_db" name="test_sqlite_cache_store_ttl_prune" time="0.006" /><testcase classname="packages.methylmapper.tests.test_cache_db" name="test_sqlite_cache_store_concurrency_smoke" time="0.037" /><testcase classname="packages.methylmapper.tests.test_cache_db" name="test_enricher_json_migration_once" time="0.007" /><testcase classname="packages.methylmapper.tests.test_cache_db" name="test_enricher_json_migration_reimports_new_json_after_marker" time="0.012" /><testcase classname="packages.methylmapper.tests.test_cache_db" name="test_enricher_migrates_grok_only_json_and_keeps_open_targets_miss" time="0.006" /><testcase classname="packages.methylmapper.tests.test_cache_db" name="test_enricher_partial_source_cache_behavior" time="0.005" /><testcase classname="packages.methylmapper.tests.test_cache_db" name="test_empty_cached_payload_is_treated_as_miss" time="0.012" /><testcase classname="packages.methylmapper.tests.test_cache_db" name="test_grok_explicit_negative_payload_is_cache_hit" time="0.006" /><testcase classname="packages.methylmapper.tests.test_direction_sign" name="test_direction_to_sign_maps_common_tokens" time="0.004" /><testcase classname="packages.methylmapper.tests.test_direction_sign" name="test_normalize_dmp_columns_maps_direction_aliases" time="0.001" /><testcase classname="packages.methylmapper.tests.test_effect_size_recovery" name="test_recover_effect_size_from_mean_column_when_flat_fallback" time="0.002" /><testcase classname="packages.methylmapper.tests.test_effect_size_recovery" name="test_recover_effect_size_from_per_comparison_columns" time="0.003" /><testcase classname="packages.methylmapper.tests.test_enrich_source_parse" name="test_parse_enrich_source_opentargets_token" time="0.001" /><testcase classname="packages.methylmapper.tests.test_enrich_source_parse" name="test_parse_enrich_source_combined_sources" time="0.000" /><testcase classname="packages.methylmapper.tests.test_gene_stat_export" name="test_aggregate_by_feature_exports_gene_p_and_q_columns_with_q_only_input" time="0.100" /><testcase classname="packages.methylmapper.tests.test_gene_stat_export" name="test_biology_matrix_weights_promoter_hyper_above_intron_hypo" time="0.059" /><testcase classname="packages.methylmapper.tests.test_gene_stat_export" name="test_aggregate_by_feature_exports_biology_weighted_gene_importance" time="0.063" /><testcase classname="packages.methylmapper.tests.test_gene_stat_export" name="test_aggregate_by_feature_uses_exclusive_feature_priority_for_hits" time="0.059" /><testcase classname="packages.methylmapper.tests.test_gene_stat_export" name="test_aggregate_by_feature_sorts_by_canonical_gene_importance_desc" time="0.058" /><testcase classname="packages.methylmapper.tests.test_gene_stat_export" name="test_aggregate_by_feature_gene_importance_scales_with_unique_dmp_support" time="0.059" /><testcase classname="packages.methylmapper.tests.test_gene_stat_export" name="test_aggregate_by_feature_exports_compound_columns" time="0.058" /><testcase classname="packages.methylmapper.tests.test_gene_stat_export" name="test_aggregate_by_feature_exports_signed_directional_biomarker_columns" time="0.060" /><testcase classname="packages.methylmapper.tests.test_gene_stat_export" name="test_aggregate_by_feature_rejects_invalid_stability_frequency_values" time="0.017" /><testcase classname="packages.methylmapper.tests.test_gene_stat_export" name="test_aggregate_by_feature_rolls_up_detailed_features_to_parent_buckets" time="0.059" /><testcase classname="packages.methylmapper.tests.test_gene_stat_export" name="test_pruned_gene_output_drops_legacy_columns" time="0.001" /><testcase classname="packages.methylmapper.tests.test_mapper_project_resolver" name="test_resolve_mapper_paths_uses_comparison_wildcards" time="0.024" /><testcase classname="packages.methylmapper.tests.test_mapper_project_resolver" name="test_resolve_mapper_paths_per_comparison_uses_canonical_layout" time="0.005" /><testcase classname="packages.methylmapper.tests.test_mapper_project_resolver" name="test_resolve_mapper_paths_per_comparison_honors_step_override_output_dir" time="0.005" /><testcase classname="packages.methylmapper.tests.test_mapper_project_resolver" name="test_resolve_mapper_paths_per_comparison_output_dir_base_appends_each_comparison" time="0.006" /><testcase classname="packages.methylmapper.tests.test_mapper_project_resolver" name="test_resolve_mapper_paths_per_comparison_falls_back_to_existing_case_variant" time="0.006" /><testcase classname="packages.methylmapper.tests.test_persist_secret" name="test_persist_secret_if_changed_skips_when_unchanged" time="0.025" /><testcase classname="packages.methylmapper.tests.test_persist_secret" name="test_persist_secret_if_changed_writes_when_new" time="0.024" /><testcase classname="packages.methylmapper.tests.test_persist_secret" name="test_persist_empty_returns_false" time="0.002" /><testcase classname="packages.methylpredictor.tests.test_expand_test_paths" name="test_expand_relative_csv_next_to_project_not_under_samples_base" time="0.003" /><testcase classname="packages.methylpredictor.tests.test_expand_test_paths" name="test_bare_sample_names_still_resolve_under_samples_base" time="0.003" /><testcase classname="packages.methylpredictor.tests.test_project_resolver_binary_group_paths" name="test_binary_resolver_accepts_group_paths_train_holdout" time="0.008" /><testcase classname="packages.methylpredictor.tests.test_project_resolver_binary_group_paths" name="test_binary_resolver_accepts_test_group_paths" time="0.007" /><testcase classname="packages.methylpredictor.tests.test_project_resolver_binary_group_paths" name="test_binary_resolver_prefers_test_group_paths_over_training_cohorts" time="0.007" /><testcase classname="packages.methylpredictor.tests.test_project_resolver_binary_group_paths" name="test_binary_per_comparison_resolver_accepts_test_group_paths" time="0.007" /><testcase classname="packages.methylpredictor.tests.test_project_resolver_binary_group_paths" name="test_comparison_multiclass_resolver_accepts_multiclass_test_group_paths" time="0.007" /><testcase classname="packages.methylpredictor.tests.test_project_resolver_binary_group_paths" name="test_binary_resolver_rejects_test_group_paths_with_non_binary_class_index" time="0.006" /><testcase classname="packages.methylpredictor.tests.test_project_resolver_binary_group_paths" name="test_binary_resolver_rejects_test_group_paths_missing_class_index" time="0.006" /><testcase classname="packages.methylpredictor.tests.test_project_resolver_binary_group_paths" name="test_binary_resolver_rejects_group_paths_with_non_binary_class_index" time="0.005" /><testcase classname="packages.methylpredictor.tests.test_project_resolver_binary_group_paths" name="test_binary_resolver_rejects_group_paths_missing_class_index" time="0.005" /><testcase classname="packages.methylpredictor.tests.test_project_resolver_binary_group_paths" name="test_binary_resolver_rejects_empty_holdout_group_paths" time="0.005" /><testcase classname="packages.methylpredictor.tests.test_project_resolver_deprecations" name="test_resolve_predictor_config_warns_on_validator_alias" time="0.007" /><testcase classname="packages.methylpredictor.tests.test_project_resolver_ecdf_gene_multiclass" name="test_per_comparison_resolver_uses_ecdf_gene_ovr_as_multiclass" time="0.006" /><testcase classname="packages.methylpredictor.tests.test_project_resolver_multiclass_cli" name="test_apply_binary_cli_paths_replaces_multiclass_test_groups" time="0.004" /><testcase classname="packages.methylpredictor.tests.test_project_resolver_multiclass_cli" name="test_cli_project_multiclass_honors_output_dir" time="0.004" /><testcase classname="packages.methylpredictor.tests.test_project_resolver_strict_types" name="test_control_disease_side_to_dict_rejects_unsupported_type" time="0.001" /><testcase classname="packages.methylpredictor.tests.test_resolved_classifier_for_predictor" name="test_resolve_classifier_step_reads_nested_classifier_from_baked_file" time="0.003" /><testcase classname="packages.methylpredictor.tests.test_resolved_classifier_for_predictor" name="test_model_path_falls_back_to_nested_classifier_save_path" time="0.002" /><testcase classname="packages.methylpredictor.tests.test_run_prediction" name="test_run_prediction_multiclass_ovr_k3_writes_validation_metrics" time="0.024" /><testcase classname="packages.methylpredictor.tests.test_run_prediction" name="test_run_prediction_train_holdout_binary_writes_dual_metrics" time="0.030" /><testcase classname="packages.methylpredictor.tests.test_run_prediction" name="test_run_prediction_aggregated_ecdf_path_writes_evidence_columns" time="0.069" /><testcase classname="packages.methylpredictor.tests.test_run_prediction" name="test_run_prediction_ovr_k2_uses_test_group_paths_only" time="0.018" /><testcase classname="packages.methylpredictor.tests.test_run_prediction" name="test_predictor_config_resolves_relative_test_paths" time="0.003" /><testcase classname="packages.methylpredictor.tests.test_run_prediction" name="test_run_prediction_metrics_follow_filtered_rows" time="0.018" /><testcase classname="packages.methylpredictor.tests.test_run_prediction" name="test_run_prediction_blind_mode_writes_report_without_validation_metrics" time="0.008" /><testcase classname="packages.methylpredictor.tests.test_run_prediction" name="test_predictor_config_rejects_blind_with_nested_controls" time="0.001" /><testcase classname="packages.methylpredictor.tests.test_run_prediction" name="test_run_prediction_degenerate_class_and_dmp_coverage_in_metrics" time="0.021" /><testcase classname="packages.methylpredictor.tests.test_run_prediction" name="test_predictor_config_nested_controls_diseases_expands" time="0.004" /><testcase classname="packages.methylutils.tests.test_analyte_profiles" name="test_normalize_primary_analyte" time="0.000" /><testcase classname="packages.methylutils.tests.test_analyte_profiles" name="test_cfdna_profile_fills_missing_keys" time="0.000" /><testcase classname="packages.methylutils.tests.test_analyte_profiles" name="test_buffy_profile_enables_alignment_guardrails" time="0.000" /><testcase classname="packages.methylutils.tests.test_analyte_profiles" name="test_user_override_wins_over_profile" time="0.000" /><testcase classname="packages.methylutils.tests.test_analyte_profiles" name="test_buffy_disables_fragmentomics_step" time="0.000" /><testcase classname="packages.methylutils.tests.test_analyte_profiles" name="test_should_apply_opt_out" time="0.000" /><testcase classname="packages.methylutils.tests.test_analyte_profiles" name="test_resolve_action_config_applies_analyte_profile" time="0.001" /><testcase classname="packages.methylutils.tests.test_analyte_profiles" name="test_cisbp_mode_label_and_resolve" time="0.000" /><testcase classname="packages.methylutils.tests.test_disease_stages" name="test_disease_stages_expand_labels" time="0.004" /><testcase classname="packages.methylutils.tests.test_disease_stages" name="test_group_rejects_stages_and_sample_paths" time="0.001" /><testcase classname="packages.methylutils.tests.test_dmp_export_paths" name="test_classifier_prefers_suffix_over_legacy" time="0.003" /><testcase classname="packages.methylutils.tests.test_dmp_export_paths" name="test_classifier_legacy_dmps_only" time="0.003" /><testcase classname="packages.methylutils.tests.test_dmp_export_paths" name="test_classifier_excludes_discovery" time="0.003" /><testcase classname="packages.methylutils.tests.test_dmp_export_paths" name="test_discovery_glob" time="0.003" /><testcase classname="packages.methylutils.tests.test_dmp_export_paths" name="test_discovery_fallback_to_unified" time="0.003" /><testcase classname="packages.methylutils.tests.test_dmp_export_paths" name="test_glob_discovery_unified_fallback_single_dir" time="0.003" /><testcase classname="packages.methylutils.tests.test_dmp_export_paths" name="test_glob_discovery_unified_fallback_nested_comparisons" time="0.003" /><testcase classname="packages.methylutils.tests.test_dmp_export_paths" name="test_glob_discovery_unified_fallback_not_discovery_pattern" time="0.003" /><testcase classname="packages.methylutils.tests.test_ecdf_aggregated_ovr" name="test_train_and_predict_aggregated_package_roundtrip" time="0.050" /><testcase classname="packages.methylutils.tests.test_ecdf_aggregated_ovr" name="test_train_and_predict_gene_ecdf_package_roundtrip" time="0.034" /><testcase classname="packages.methylutils.tests.test_ecdf_aggregated_ovr" name="test_build_effect_size_feature_weights_supports_dynamic_keys" time="0.004" /><testcase classname="packages.methylutils.tests.test_ecdf_aggregated_ovr" name="test_build_effect_size_feature_weights_struct_keys_use_canonical_feature_aliases" time="0.004" /><testcase classname="packages.methylutils.tests.test_load_resolved_config" name="test_load_resolved_config_merges_step_override" time="0.003" /><testcase classname="packages.methylutils.tests.test_load_resolved_config" name="test_load_resolved_config_requires_source" time="0.001" /><testcase classname="packages.methylutils.tests.test_pangenome_config" name="test_site_slice_uses_pangenome_linear_ref_fasta" time="0.000" /><testcase classname="packages.methylutils.tests.test_pangenome_config" name="test_resolve_pangenome_genome_requires_all_keys" time="0.003" /><testcase classname="packages.methylutils.tests.test_pangenome_config" name="test_pangenome_linear_fasta_flows_to_project_methyl_extract" time="0.004" /><testcase classname="packages.methylutils.tests.test_pipeline_config_contracts" name="test_derive_panel_and_ordered_comparison_labels_from_comparisons" time="0.003" /><testcase classname="packages.methylutils.tests.test_pipeline_config_contracts" name="test_get_ordered_stage_narratives_and_description_field" time="0.003" /><testcase classname="packages.methylutils.tests.test_pipeline_config_contracts" name="test_project_config_rejects_step_config" time="0.003" /><testcase classname="packages.methylutils.tests.test_pipeline_config_contracts" name="test_regulatory_top_level" time="0.003" /><testcase classname="packages.methylutils.tests.test_pipeline_config_contracts" name="test_sample_list_csv_resolves_from_samples_base_parent" time="0.004" /><testcase classname="packages.methylutils.tests.test_pipeline_config_contracts" name="test_resolve_detection_output_dir_case_insensitive_fallback" time="0.003" /><testcase classname="packages.methylutils.tests.test_profile_paths" name="test_resolve_profile_path_by_name_from_repo" time="0.007" /><testcase classname="packages.methylutils.tests.test_profile_paths" name="test_resolve_profile_path_alias_buffy_mc_gene_fc" time="0.004" /><testcase classname="packages.methylutils.tests.test_profile_paths" name="test_resolve_profile_path_explicit_file" time="0.003" /><testcase classname="packages.methylutils.tests.test_profile_paths" name="test_profile_search_dirs_includes_epimethyl_bundle" time="0.001" /><testcase classname="packages.methylutils.tests.test_read_level_io" name="test_read_level_patterns_round_trip" time="0.006" /><testcase classname="packages.methylutils.tests.test_sample_qc_missing_h5" name="test_global_sample_qc_excludes_samples_without_h5_and_writes_artifacts" time="0.004" /><testcase classname="packages.methylutils.tests.test_sample_qc_missing_h5" name="test_global_sample_qc_fails_when_group_becomes_empty" time="0.005" /><testcase classname="packages.methylvalidation.tests.test_analyte_guard" name="test_normalize_plasma_to_cfdna" time="0.000" /><testcase classname="packages.methylvalidation.tests.test_analyte_guard" name="test_effective_training_analyte_prefers_model_field" time="0.000" /><testcase classname="packages.methylvalidation.tests.test_analyte_guard" name="test_check_training_analyte_mismatch" time="0.003" /><testcase classname="packages.methylvalidation.tests.test_analyte_guard" name="test_load_monte_carlo_config_propagates_project_regulatory" time="0.007" /><testcase classname="packages.methylvalidation.tests.test_analyte_profile_pipeline" name="test_cfdna_profile_enables_fragmentomics_step" time="0.001" /><testcase classname="packages.methylvalidation.tests.test_backend_profiles_strict" name="test_migrator_recognizes_every_model_legacy_key" time="0.000" /><testcase classname="packages.methylvalidation.tests.test_backend_profiles_strict" name="test_merge_strips_mapper_gene_columns" time="0.001" /><testcase classname="packages.methylvalidation.tests.test_backend_profiles_strict" name="test_dump_clean_json_omits_legacy_keys_and_round_trips" time="0.002" /><testcase classname="packages.methylvalidation.tests.test_backend_profiles_strict" name="test_model_mc_all_uses_only_enabled_profiles" time="0.001" /><testcase classname="packages.methylvalidation.tests.test_backend_profiles_strict" name="test_model_mc_all_fails_when_no_enabled_profiles" time="0.002" /><testcase classname="packages.methylvalidation.tests.test_backend_profiles_strict" name="test_merge_legacy_keys_preserves_backend_enabled_flags" time="0.001" /><testcase classname="packages.methylvalidation.tests.test_backend_profiles_strict" name="test_migration_moves_legacy_keys_into_backend_profiles" time="0.001" /><testcase classname="packages.methylvalidation.tests.test_backend_profiles_strict" name="test_with_backend_selection_resyncs_runtime_fields" time="0.001" /><testcase classname="packages.methylvalidation.tests.test_backend_profiles_strict" name="test_update_backend_params_resyncs_runtime_fields" time="0.001" /><testcase classname="packages.methylvalidation.tests.test_backend_profiles_strict" name="test_gene_feature_loading_is_shared_and_migrated" time="0.001" /><testcase classname="packages.methylvalidation.tests.test_backend_profiles_strict" name="test_stability_early_stop_requires_min_iterations_within_budget" time="0.002" /><testcase classname="packages.methylvalidation.tests.test_backend_profiles_strict" name="test_stability_early_stop_requires_window_smaller_than_min_iterations" time="0.002" /><testcase classname="packages.methylvalidation.tests.test_biological_model_gate" name="test_assert_production_model_build_allowed_blocks_when_required" time="0.002" /><testcase classname="packages.methylvalidation.tests.test_biological_model_gate" name="test_assert_production_model_build_allowed_passes_when_confirmed" time="0.001" /><testcase classname="packages.methylvalidation.tests.test_biological_model_gate" name="test_assert_production_model_build_allowed_passes_when_not_required" time="0.001" /><testcase classname="packages.methylvalidation.tests.test_biomarker_gene_pool" name="test_normalize_region_hits_aliases_body" time="0.000" /><testcase classname="packages.methylvalidation.tests.test_biomarker_gene_pool" name="test_apply_region_hits_filter_promoter_or_exon" time="0.002" /><testcase classname="packages.methylvalidation.tests.test_biomarker_gene_pool" name="test_build_biomarker_gene_pool_disease_only" time="0.005" /><testcase classname="packages.methylvalidation.tests.test_biomarker_gene_pool" name="test_build_biomarker_gene_pool_ppi_only_mocked" time="0.010" /><testcase classname="packages.methylvalidation.tests.test_biomarker_gene_pool" name="test_build_biomarker_gene_pool_honors_legacy_unique_dmps_config_key" time="0.005" /><testcase classname="packages.methylvalidation.tests.test_biomarker_gene_pool" name="test_build_biomarker_gene_pool_ppi_min_degree_zero_keeps_isolated_nodes" time="0.010" /><testcase classname="packages.methylvalidation.tests.test_biomarker_gene_pool" name="test_compute_biomarker_stability_diagnostics" time="0.004" /><testcase classname="packages.methylvalidation.tests.test_biomarker_gene_pool" name="test_validate_biomarker_allows_mapper_only_without_gene_featurecuts" time="0.001" /><testcase classname="packages.methylvalidation.tests.test_centroid_deltas" name="test_generate_run_project_writes_group_specific_centroid_deltas" time="0.004" /><testcase classname="packages.methylvalidation.tests.test_centroid_deltas" name="test_generate_run_project_creates_predictor_holdouts_when_missing" time="0.003" /><testcase classname="packages.methylvalidation.tests.test_centroid_deltas" name="test_run_centroid_executes_group_specific_step_overrides" time="0.001" /><testcase classname="packages.methylvalidation.tests.test_centroid_deltas" name="test_run_pipeline_for_iteration_splits_centroid_logs_and_counts" time="0.004" /><testcase classname="packages.methylvalidation.tests.test_centroid_deltas" name="test_carry_forward_centroids_copies_tree_for_incremental_baseline" time="0.002" /><testcase classname="packages.methylvalidation.tests.test_centroid_deltas" name="test_prepare_incremental_centroid_baseline_skips_without_remove_samples" time="0.001" /><testcase classname="packages.methylvalidation.tests.test_centroid_deltas" name="test_incremental_centroid_update_requested_when_remove_present" time="0.001" /><testcase classname="packages.methylvalidation.tests.test_centroid_deltas" name="test_run_pipeline_for_iteration_prepares_centroid_baseline" time="0.004" /><testcase classname="packages.methylvalidation.tests.test_chromosome_features" name="test_chromosome_feature_names_include_globals_and_per_chrom" time="0.001" /><testcase classname="packages.methylvalidation.tests.test_chromosome_features" name="test_binary_entropy_and_weighted_mean" time="0.001" /><testcase classname="packages.methylvalidation.tests.test_chromosome_features" name="test_discrete_hellinger_identical_is_zero" time="0.000" /><testcase classname="packages.methylvalidation.tests.test_chromosome_features" name="test_compute_chromosome_feature_matrix_shape" time="0.002" /><testcase classname="packages.methylvalidation.tests.test_chromosome_features" name="test_ecdf_derived_measures_schema_roundtrip" time="0.005" /><testcase classname="packages.methylvalidation.tests.test_chromosome_schema_freezing" name="test_tabular_meta_persists_chromosome_tunables" time="0.003" /><testcase classname="packages.methylvalidation.tests.test_classification_metrics" name="test_multiclass_h_pcal_h_cm_no_top_level_sensitivity" time="0.009" /><testcase classname="packages.methylvalidation.tests.test_classification_metrics" name="test_binary_emits_sensitivity_specificity" time="0.007" /><testcase classname="packages.methylvalidation.tests.test_classification_metrics" name="test_resolve_class_roles_uses_cohort_side" time="0.000" /><testcase classname="packages.methylvalidation.tests.test_classifier_dmp_panel" name="test_write_mapper_classifier_override" time="0.003" /><testcase classname="packages.methylvalidation.tests.test_classifier_dmp_panel" name="test_write_mapper_classifier_override_honors_enrich_disease_flag" time="0.003" /><testcase classname="packages.methylvalidation.tests.test_classifier_dmp_panel" name="test_load_classifier_dmp_panel_dedupes_and_caps" time="0.016" /><testcase classname="packages.methylvalidation.tests.test_cli_resume" name="test_resolve_resume_start_iteration_auto_and_explicit" time="0.003" /><testcase classname="packages.methylvalidation.tests.test_cli_resume" name="test_resolve_resume_start_iteration_validates_bounds" time="0.004" /><testcase classname="packages.methylvalidation.tests.test_cli_resume" name="test_list_existing_run_numbers_and_load_step_timings" time="0.003" /><testcase classname="packages.methylvalidation.tests.test_cli_resume" name="test_deep_merge_dicts_prefers_updates_and_preserves_other_keys" time="0.003" /><testcase classname="packages.methylvalidation.tests.test_cli_resume" name="test_post_model_validation_requires_production_project" time="0.015" /><testcase classname="packages.methylvalidation.tests.test_cli_resume" name="test_model_mc_all_requires_model_mc" time="0.011" /><testcase classname="packages.methylvalidation.tests.test_cli_resume" name="test_skip_detection_runs_stability_only" time="0.015" /><testcase classname="packages.methylvalidation.tests.test_cli_resume" name="test_skip_detection_allowed_for_freeze_and_forwarded" time="0.015" /><testcase classname="packages.methylvalidation.tests.test_cli_resume" name="test_stability_early_stop_breaks_loop_and_writes_diagnostics" time="0.027" /><testcase classname="packages.methylvalidation.tests.test_cli_resume" name="test_stability_early_stop_disabled_keeps_full_iteration_budget" time="0.028" /><testcase classname="packages.methylvalidation.tests.test_cli_resume" name="test_model_mc_all_uses_shared_stage" time="0.016" /><testcase classname="packages.methylvalidation.tests.test_cli_resume" name="test_select_best_model_ignores_shared_directory" time="0.020" /><testcase classname="packages.methylvalidation.tests.test_cli_resume" name="test_model_mc_single_backend_reuses_existing_shared_runs" time="0.017" /><testcase classname="packages.methylvalidation.tests.test_cli_resume" name="test_build_model_mc_shared_runs_symlinks_reusable_primary_runs" time="0.007" /><testcase classname="packages.methylvalidation.tests.test_cli_resume" name="test_run_model_mc_backend_reuses_primary_centroid_detector_artifacts" time="0.006" /><testcase classname="packages.methylvalidation.tests.test_config_schema_export" name="test_committed_config_schemas_match_pydantic_models" time="0.594" /><testcase classname="packages.methylvalidation.tests.test_config_schema_export" name="test_schema_export_is_deterministic" time="1.292" /><testcase classname="packages.methylvalidation.tests.test_config_schema_export" name="test_generate_schema_dict_sets_json_schema_meta" time="0.003" /><testcase classname="packages.methylvalidation.tests.test_config_schema_export" name="test_validation_step_schema_has_no_runner_required_fields" time="0.065" /><testcase classname="packages.methylvalidation.tests.test_config_schema_export" name="test_progression_step_schema_artifact_registered" time="0.001" /><testcase classname="packages.methylvalidation.tests.test_config_schema_export" name="test_check_mode_fails_on_stale_artifact" time="1.186" /><testcase classname="packages.methylvalidation.tests.test_config_schema_export" name="test_repo_schemas_config_dir_exists_after_bootstrap" time="0.001" /><testcase classname="packages.methylvalidation.tests.test_fragmentomics_context" name="test_summarize_alignment_qc_fragmentomics" time="0.004" /><testcase classname="packages.methylvalidation.tests.test_fragmentomics_context" name="test_build_fragmentomics_report_cfdna_expected" time="0.003" /><testcase classname="packages.methylvalidation.tests.test_gene_featurecuts" name="test_rank_gene_pool_orders_by_importance_then_support" time="0.007" /><testcase classname="packages.methylvalidation.tests.test_gene_featurecuts" name="test_cap_ranked_gene_pool_limits_panel" time="0.007" /><testcase classname="packages.methylvalidation.tests.test_gene_featurecuts" name="test_annotate_dmps_with_genes_parses_dmp_name_and_chr_prefix" time="0.007" /><testcase classname="packages.methylvalidation.tests.test_gene_featurecuts" name="test_search_gene_k_respects_min_genes_floor" time="0.001" /><testcase classname="packages.methylvalidation.tests.test_gene_featurecuts" name="test_run_gene_featurecuts_for_iteration_exports_panel" time="0.030" /><testcase classname="packages.methylvalidation.tests.test_gene_featurecuts_pipeline" name="test_run_pipeline_for_iteration_appends_gene_stability_steps" time="0.001" /><testcase classname="packages.methylvalidation.tests.test_generative_backend" name="test_generative_backend_multiclass_train_predict" time="0.061" /><testcase classname="packages.methylvalidation.tests.test_generative_backend" name="test_generative_backend_binary_predict_shape" time="0.055" /><testcase classname="packages.methylvalidation.tests.test_generative_backend" nam
[...]
ture[validation.stability_freeze_readiness]" time="0.001" /><testcase classname="workers.tests.test_golden_task_outputs" name="test_golden_input_fixture[validation.link_artifacts]" time="0.001" /><testcase classname="workers.tests.test_golden_task_outputs" name="test_golden_input_fixture[validation.model_bundle]" time="0.001" /><testcase classname="workers.tests.test_golden_task_outputs" name="test_golden_input_fixture[validation.model_train]" time="0.001" /><testcase classname="workers.tests.test_golden_task_outputs" name="test_golden_input_fixture[validation.model_predict]" time="0.001" /><testcase classname="workers.tests.test_golden_task_outputs" name="test_golden_input_fixture[validation.select_best_model]" time="0.001" /><testcase classname="workers.tests.test_golden_task_outputs" name="test_golden_input_fixture[validation.model_mc]" time="0.001" /><testcase classname="workers.tests.test_golden_task_outputs" name="test_golden_input_fixture[validation.post_model_validation]" time="0.001" /><testcase classname="workers.tests.test_golden_task_outputs" name="test_golden_output_fixture[pipeline.centroid]" time="0.001" /><testcase classname="workers.tests.test_golden_task_outputs" name="test_golden_output_fixture[pipeline.detector]" time="0.001" /><testcase classname="workers.tests.test_golden_task_outputs" name="test_golden_output_fixture[pipeline.dmp_select]" time="0.001" /><testcase classname="workers.tests.test_golden_task_outputs" name="test_golden_output_fixture[pipeline.mapper]" time="0.001" /><testcase classname="workers.tests.test_golden_task_outputs" name="test_golden_output_fixture[pipeline.derived_measures]" time="0.001" /><testcase classname="workers.tests.test_golden_task_outputs" name="test_golden_output_fixture[pipeline.info_measures]" time="0.001" /><testcase classname="workers.tests.test_golden_task_outputs" name="test_golden_output_fixture[pipeline.gene_select]" time="0.001" /><testcase classname="workers.tests.test_golden_task_outputs" name="test_golden_output_fixture[pipeline.gene_feature_select]" time="0.001" /><testcase classname="workers.tests.test_golden_task_outputs" name="test_golden_output_fixture[pipeline.enricher]" time="0.001" /><testcase classname="workers.tests.test_golden_task_outputs" name="test_golden_output_fixture[pipeline.progression]" time="0.001" /><testcase classname="workers.tests.test_golden_task_outputs" name="test_golden_output_fixture[pipeline.classifier]" time="0.001" /><testcase classname="workers.tests.test_golden_task_outputs" name="test_golden_output_fixture[pipeline.predictor]" time="0.001" /><testcase classname="workers.tests.test_golden_task_outputs" name="test_golden_output_fixture[context.resolve_project]" time="0.001" /><testcase classname="workers.tests.test_golden_task_outputs" name="test_golden_output_fixture[sample.download_fastq]" time="0.001" /><testcase classname="workers.tests.test_golden_task_outputs" name="test_golden_output_fixture[sample.parabricks_fq2bam]" time="0.001" /><testcase classname="workers.tests.test_golden_task_outputs" name="test_golden_output_fixture[sample.parabricks_giraffe]" time="0.001" /><testcase classname="workers.tests.test_golden_task_outputs" name="test_golden_output_fixture[sample.delete_fastqs]" time="0.001" /><testcase classname="workers.tests.test_golden_task_outputs" name="test_golden_output_fixture[sample.trim_fastq]" time="0.001" /><testcase classname="workers.tests.test_golden_task_outputs" name="test_golden_output_fixture[sample.methyl_qc]" time="0.001" /><testcase classname="workers.tests.test_golden_task_outputs" name="test_golden_output_fixture[sample.fragmentomics]" time="0.001" /><testcase classname="workers.tests.test_golden_task_outputs" name="test_golden_output_fixture[sample.methyl_extract]" time="0.001" /><testcase classname="workers.tests.test_golden_task_outputs" name="test_golden_output_fixture[sample.extraction_qc]" time="0.001" /><testcase classname="workers.tests.test_golden_task_outputs" name="test_golden_output_fixture[sample.archive_sample]" time="0.001" /><testcase classname="workers.tests.test_golden_task_outputs" name="test_golden_output_fixture[sample.delete_bam]" time="0.001" /><testcase classname="workers.tests.test_golden_task_outputs" name="test_golden_output_fixture[sample.qc_failed]" time="0.001" /><testcase classname="workers.tests.test_golden_task_outputs" name="test_golden_output_fixture[validation.plan_iterations]" time="0.001" /><testcase classname="workers.tests.test_golden_task_outputs" name="test_golden_output_fixture[validation.stability]" time="0.001" /><testcase classname="workers.tests.test_golden_task_outputs" name="test_golden_output_fixture[validation.biomarker_filter]" time="0.001" /><testcase classname="workers.tests.test_golden_task_outputs" name="test_golden_output_fixture[validation.prepare_freeze_project]" time="0.001" /><testcase classname="workers.tests.test_golden_task_outputs" name="test_golden_output_fixture[validation.stability_freeze_readiness]" time="0.001" /><testcase classname="workers.tests.test_golden_task_outputs" name="test_golden_output_fixture[validation.link_artifacts]" time="0.001" /><testcase classname="workers.tests.test_golden_task_outputs" name="test_golden_output_fixture[validation.model_bundle]" time="0.001" /><testcase classname="workers.tests.test_golden_task_outputs" name="test_golden_output_fixture[validation.model_train]" time="0.001" /><testcase classname="workers.tests.test_golden_task_outputs" name="test_golden_output_fixture[validation.model_predict]" time="0.001" /><testcase classname="workers.tests.test_golden_task_outputs" name="test_golden_output_fixture[validation.select_best_model]" time="0.001" /><testcase classname="workers.tests.test_golden_task_outputs" name="test_golden_output_fixture[validation.model_mc]" time="0.001" /><testcase classname="workers.tests.test_golden_task_outputs" name="test_golden_output_fixture[validation.post_model_validation]" time="0.001" /><testcase classname="workers.tests.test_h5_upload" name="test_archive_sample_full_file_destination" time="0.008" /><testcase classname="workers.tests.test_h5_upload" name="test_archive_sample_qc_only" time="0.006" /><testcase classname="workers.tests.test_h5_upload" name="test_archive_sample_handler_h5_only" time="0.008" /><testcase classname="workers.tests.test_h5_upload" name="test_archive_sample_skipped_without_sample_destination" time="0.008" /><testcase classname="workers.tests.test_h5_upload" name="test_upload_h5_from_task_input_requires_sample_destination" time="0.007" /><testcase classname="workers.tests.test_h5_upload" name="test_upload_h5_files_ignores_fastqs" time="0.006" /><testcase classname="workers.tests.test_h5_upload" name="test_upload_h5_s3_skips_unchanged" time="0.006" /><testcase classname="workers.tests.test_h5_upload" name="test_should_skip_azure_matches_content_md5_bytes" time="0.006" /><testcase classname="workers.tests.test_h5_upload" name="test_upload_h5_missing_files_raises" time="0.006" /><testcase classname="workers.tests.test_handlers" name="test_download_handler_receives_validated_input_model" time="0.001" /><testcase classname="workers.tests.test_handlers" name="test_mark_failed_handler" time="0.007" /><testcase classname="workers.tests.test_handlers" name="test_download_requires_fastq_source" time="0.001" /><testcase classname="workers.tests.test_handlers" name="test_parabricks_idempotent_when_outputs_exist" time="0.011" /><testcase classname="workers.tests.test_handlers" name="test_methyl_extract_idempotent_when_outputs_exist" time="0.009" /><testcase classname="workers.tests.test_handlers" name="test_pipeline_cli_dispatch" time="0.173" /><testcase classname="workers.tests.test_in_process_action" name="test_handler_accepts_runtime_detects_signatures" time="0.001" /><testcase classname="workers.tests.test_in_process_action" name="test_call_in_process_handler_passes_keyword_only_runtime" time="0.001" /><testcase classname="workers.tests.test_in_process_action" name="test_in_process_action_supports_keyword_only_runtime_handler" time="0.001" /><testcase classname="workers.tests.test_in_process_action" name="test_in_process_action_calls_three_arg_handler_without_runtime" time="0.001" /><testcase classname="workers.tests.test_in_process_action" name="test_in_process_action_propagates_internal_type_error_from_four_arg_handler" time="0.002" /><testcase classname="workers.tests.test_in_process_action" name="test_in_process_action_passes_runtime_to_four_arg_handler" time="0.001" /><testcase classname="workers.tests.test_mapper_argv" name="test_merge_mapper_step_override_merges_resolved_mapper_slice" time="0.001" /><testcase classname="workers.tests.test_mapper_argv" name="test_mapper_build_argv_omits_comparison_flag" time="0.001" /><testcase classname="workers.tests.test_parabricks_runner" name="test_resolve_paired_fastqs_prefers_explicit_names" time="0.007" /><testcase classname="workers.tests.test_parabricks_runner" name="test_resolve_paired_fastqs_recursive_glob" time="0.006" /><testcase classname="workers.tests.test_parabricks_runner" name="test_resolve_paired_fastqs_wrong_count" time="0.006" /><testcase classname="workers.tests.test_parabricks_runner" name="test_build_docker_command_mounts_and_flags" time="0.007" /><testcase classname="workers.tests.test_parabricks_runner" name="test_idempotent_skip_when_bam_and_qc_tar_exist" time="0.008" /><testcase classname="workers.tests.test_parabricks_runner" name="test_package_qc_metrics_dir_to_tar" time="0.007" /><testcase classname="workers.tests.test_parabricks_runner" name="test_run_fq2bam_meth_invokes_docker" time="0.009" /><testcase classname="workers.tests.test_parabricks_runner" name="test_resolve_parabricks_from_project_action_config" time="0.009" /><testcase classname="workers.tests.test_sample_prep_log" name="test_append_sample_prep_log_preserves_prior_lines" time="0.006" /><testcase classname="workers.tests.test_split_detector_task_schemas" name="test_detector_input_accepts_discovery_step_override" time="0.001" /><testcase classname="workers.tests.test_split_detector_task_schemas" name="test_dmp_select_input_strips_unknown_keys_before_validate" time="0.001" /><testcase classname="workers.tests.test_split_detector_task_schemas" name="test_gene_select_input_requires_project_and_defaults_run_dir" time="0.001" /><testcase classname="workers.tests.test_split_detector_task_schemas" name="test_biomarker_filter_output_accepts_structured_payload" time="0.001" /><testcase classname="workers.tests.test_split_detector_task_schemas" name="test_gene_feature_select_input_strict" time="0.001" /><testcase classname="workers.tests.test_split_workflow_actions" name="test_split_workflow_actions_registered" time="0.000" /><testcase classname="workers.tests.test_split_workflow_actions" name="test_action_config_keys_include_split_sections" time="0.000" /><testcase classname="workers.tests.test_split_workflow_actions" name="test_split_actions_have_dedicated_task_schema_specs" time="0.001" /><testcase classname="workers.tests.test_stub_external" name="test_stub_methyl_extract_writes_manifest" time="0.010" /><testcase classname="workers.tests.test_stub_external" name="test_archive_sample_runs_real_handler_with_file_destination" time="0.010" /><testcase classname="workers.tests.test_task_validation" name="test_pipeline_centroid_input_accepts_valid_payload" time="0.001" /><testcase classname="workers.tests.test_task_validation" name="test_pipeline_centroid_input_rejects_missing_tool" time="0.001" /><testcase classname="workers.tests.test_task_validation" name="test_pipeline_centroid_output_accepts_minimal" time="0.001" /><testcase classname="workers.tests.test_task_validation" name="test_pipeline_centroid_output_rejects_wrong_output_model" time="0.001" /><testcase classname="workers.tests.test_task_validation" name="test_unknown_action_skips_validation" time="0.001" /><testcase classname="workers.tests.test_task_validation" name="test_validation_plan_resolves_by_capability" time="0.001" /><testcase classname="workers.tests.test_task_validation" name="test_parse_task_envelope_strips_runtime_keys" time="0.001" /><testcase classname="workers.tests.test_task_validation" name="test_cli_action_accepts_runtime_keys_on_wire" time="0.141" /><testcase classname="workers.tests.test_task_validation" name="test_validate_task_output_rejects_action_execution_result_wrapper" time="0.001" /><testcase classname="workers.tests.test_task_validation" name="test_try_validate_returns_message" time="0.001" /><testcase classname="workers.tests.test_task_validation" name="test_task_validation_error_code_constant" time="0.001" /><testcase classname="workers.tests.test_validation_model_mc" name="test_model_mc_handler_delegates_to_runner" time="0.008" /><testcase classname="workers.tests.test_validation_model_mc" name="test_load_mc_config_ignores_non_planner_task_fields" time="0.007" /><testcase classname="workers.tests.test_validation_model_mc" name="test_load_mc_config_backfills_planner_fields_from_snapshot" time="0.007" /><testcase classname="workers.tests.test_validation_planner_handler" name="test_validation_plan_iterations_handler" time="0.002" /><testcase classname="workers.tests.test_validation_planner_handler" name="test_validation_plan_iterations_emits_centroid_seed_groups" time="0.001" /><testcase classname="workers.tests.test_worker_config_isolation" name="test_worker_actions_do_not_import_resolve_for_project" time="0.022" /><testcase classname="workers.tests.test_worker_config_isolation" name="test_default_pipeline_argv_map_includes_resolved_config_carrier" time="0.001" /><testcase classname="workers.tests.test_worker_config_isolation" name="test_cli_action_materializes_resolved_config_file" time="0.001" /><testcase classname="workers.tests.test_worker_config_isolation" name="test_enricher_cli_action_merges_ppi_only_into_step_override" time="0.001" /><testcase classname="workers.tests.test_worker_runner" name="test_run_once_no_task" time="0.001" /><testcase classname="workers.tests.test_worker_runner" name="test_run_once_processes_task" time="0.004" /><testcase classname="workers.tests.test_worker_runner" name="test_run_once_fails_task_on_input_validation_error" time="0.002" /><testcase classname="tools.tests.test_compare_analyte_mc_gene_fc" name="test_compare_mc_gene_fc_overlap" time="0.023" /><testcase classname="tools.tests.test_compare_analyte_mc_gene_fc" name="test_cross_analyte_concordance_differs_per_analyte" time="0.001" /><testcase classname="tools.tests.test_compare_analyte_mc_signatures" name="test_overlap_metrics_prefers_plasma_signature" time="0.001" /><testcase classname="tools.tests.test_compare_analyte_mc_signatures" name="test_filter_mapper_genes_disease_only" time="0.009" /><testcase classname="tools.tests.test_compare_analyte_mc_signatures" name="test_load_signature_genes" time="0.007" /><testcase classname="tools.tests.test_compare_analyte_mc_signatures" name="test_filter_mapper_genes_association_type_string_not_characters" time="0.002" /><testcase classname="tools.tests.test_compare_analyte_outputs" name="test_load_dmps_discovery" time="0.009" /><testcase classname="tools.tests.test_compare_analyte_outputs" name="test_load_dmps_classifier_excludes_extended" time="0.010" /><testcase classname="tools.tests.test_compare_analyte_outputs" name="test_load_dmps_classifier_extended" time="0.009" /><testcase classname="tools.tests.test_compare_analyte_outputs" name="test_load_dmps_missing_raises" time="0.006" /><testcase classname="tools.tests.test_compare_analyte_outputs" name="test_dmp_source_patterns" time="0.000" /><testcase classname="scripts.tests.test_calibrate_alignment_guardrails" name="test_calibrate_script_on_synthetic_qc_dir" time="2.603" /><testcase classname="scripts.tests.test_check_doc_freshness" name="test_check_doc_freshness_passes_on_clean_tree" time="0.411" /><testcase classname="scripts.tests.test_check_sample_h5_coverage" name="test_auto_female_x_only" time="0.008" /><testcase classname="scripts.tests.test_check_sample_h5_coverage" name="test_fix_unreadable_h5" time="0.006" /><testcase classname="scripts.tests.test_check_sample_h5_coverage" name="test_list_sample_dirs" time="0.005" /><testcase classname="scripts.tests.test_check_sample_h5_coverage" name="test_unknown_no_sex_chromosomes_expected_includes_sex_slot" time="0.008" /><testcase classname="scripts.tests.test_check_sample_h5_coverage" name="test_inaccessible_reported_when_no_fix" time="0.008" /><testcase classname="scripts.tests.test_check_windows_paths" name="test_valid_paths_pass" time="0.000" /><testcase classname="scripts.tests.test_check_windows_paths" name="test_control_characters_fail" time="0.000" /><testcase classname="scripts.tests.test_check_windows_paths" name="test_invalid_characters_fail" time="0.000" /><testcase classname="scripts.tests.test_check_windows_paths" name="test_trailing_space_fails" time="0.000" /><testcase classname="scripts.tests.test_check_windows_paths" name="test_reserved_name_fails" time="0.000" /><testcase classname="scripts.tests.test_compare_alignment_qc_groups" name="test_flatten_qc_json_does_not_emit_canonical_sample_id" time="0.005" /><testcase classname="scripts.tests.test_compare_alignment_qc_groups" name="test_load_group_rows_keeps_csv_sample_id_when_json_differs" time="0.005" /><testcase classname="scripts.tests.test_migrate_work_layout" name="test_preflight_lists_source" time="0.013" /><testcase classname="scripts.tests.test_migrate_work_layout" name="test_apply_disease_slug_syncs_path_remap_prefixes" time="0.001" /><testcase classname="scripts.tests.test_migrate_work_layout" name="test_remap_path_samples_under_old_disease_root" time="0.006" /><testcase classname="scripts.tests.test_migrate_work_layout" name="test_remap_study_manifest_and_artifacts" time="0.009" /><testcase classname="scripts.tests.test_release_manifest" name="test_manifest_schema_accepts_build_release_stub" time="0.001" /><testcase classname="scripts.tests.test_release_manifest" name="test_manifest_schema_accepts_components_block" time="0.001" /><testcase classname="scripts.tests.test_release_manifest" name="test_assemble_release_local_smoke" time="0.092" /><testcase classname="scripts.tests.test_release_manifest" name="test_assemble_release_preserves_tarballs_when_skip_download" time="0.091" /><testcase classname="scripts.tests.test_release_manifest" name="test_release_scripts_pass_bash_syntax_check" time="0.010" /><testcase classname="scripts.tests.test_release_manifest" name="test_bootstrap_docker_data_root_default_only_in_release_mode" time="0.000" /><testcase classname="scripts.tests.test_release_manifest" name="test_release_version_rejects_leading_zeros" time="0.003" /><testcase classname="scripts.tests.test_release_manifest" name="test_release_version_accepts_semver" time="0.003" /><testcase classname="scripts.tests.test_release_manifest" name="test_release_version_accepts_v_prefix_after_normalize" time="0.003" /><testcase classname="scripts.tests.test_release_manifest" name="test_build_release_rejects_invalid_version" time="0.005" /><testcase classname="scripts.tests.test_release_manifest" name="test_write_worker_env_from_manifest" time="0.047" /><testcase classname="scripts.tests.test_render_diagrams" name="test_render_diagrams_check_passes" time="0.012" /><testcase classname="scripts.tests.test_render_diagrams" name="test_all_mmd_sources_have_non_placeholder_svgs" time="0.001" /><testcase classname="scripts.tests.test_split_sample_h5_by_context" name="test_split_exports_contexts_and_archives_source" time="1.151" /><testcase classname="scripts.tests.test_split_sample_h5_by_context" name="test_split_skips_when_targets_exist" time="0.146" /><testcase classname="scripts.tests.test_split_sample_h5_by_context" name="test_discover_source_files_ignores_pipeline_names" time="0.147" /><testcase classname="scripts.tests.test_split_sample_h5_by_context" name="test_centroid_h5_skipped" time="0.028" /></testsuite></testsuites>