============================= test session starts ==============================
platform linux -- Python 3.12.3, pytest-7.4.4, pluggy-1.6.0
rootdir: /home/ubuntu/MethylPipeline
configfile: pyproject.toml
testpaths: packages/*/tests, workflow_engine/tests, workers/tests, tools/tests
plugins: anyio-4.14.0, zarr-3.2.1, cov-7.1.0
collected 999 items

packages/methylalignmentqc/tests/test_alignment_derived_qc.py ...        [  0%]
packages/methylalignmentqc/tests/test_bam_flagstat.py ..........         [  1%]
packages/methylalignmentqc/tests/test_bisulfite_conversion.py ..         [  1%]
packages/methylalignmentqc/tests/test_cycle_quality_screening.py ....... [  2%]
..                                                                       [  2%]
packages/methylalignmentqc/tests/test_fragmentomics.py ....              [  2%]
packages/methylalignmentqc/tests/test_guardrail_migration.py ....        [  3%]
packages/methylalignmentqc/tests/test_project_resolver.py .FF            [  3%]
packages/methylalignmentqc/tests/test_sample_qc_backfill.py ......       [  4%]
packages/methylalignmentqc/tests/test_v1_to_v2_migration.py .......      [  4%]
packages/methylalignmentqc/tests/test_writer_guardrails.py .....         [  5%]
packages/methylclassifier/tests/test_basic.py ....                       [  5%]
packages/methylclassifier/tests/test_calibration_holdout.py ......       [  6%]
packages/methylclassifier/tests/test_extract_sample_features_missing.py . [  6%]
                                                                         [  6%]
packages/methylclassifier/tests/test_native_multiclass.py ....F.         [  7%]
packages/methylclassifier/tests/test_ovr_ecdf.py ...........s....        [  8%]
packages/methylclassifier/tests/test_panel_fusion.py .......             [  9%]
packages/methylclassifier/tests/test_prediction_abstention.py ..         [  9%]
packages/methylclassifier/tests/test_train_main_group.py .               [  9%]
packages/methylclassifier/tests/test_training_cohort_resolver.py ..      [  9%]
packages/methyldetector/tests/test_classifier_extended_export.py ..      [ 10%]
packages/methyldetector/tests/test_detector_config_strict.py ........... [ 11%]
.                                                                        [ 11%]
packages/methyldetector/tests/test_ecdf_only_runtime.py ...............  [ 12%]
packages/methyldetector/tests/test_explorer.py ....                      [ 13%]
packages/methyldetector/tests/test_filter_funnel_output.py ...           [ 13%]
packages/methyldetector/tests/test_fixed_panel_recurrence_metadata.py .. [ 13%]
.                                                                        [ 13%]
packages/methyldetector/tests/test_min_samples_cohort_size.py ..         [ 13%]
packages/methyldetector/tests/test_multiclass_merge_strict.py ....       [ 14%]
packages/methyldiseaseprogression/tests/test_config.py ...               [ 14%]
packages/methyldiseaseprogression/tests/test_gene_set_metrics.py ......  [ 15%]
packages/methyldiseaseprogression/tests/test_progression.py ............ [ 16%]
....                                                                     [ 16%]
packages/methyldmpselect/tests/test_dmp_select_config.py .               [ 16%]
packages/methyldmpselect/tests/test_runner.py .                          [ 17%]
packages/methyldomain/tests/test_domain_types.py ...F...                 [ 17%]
packages/methyldomain/tests/test_methylation_paths.py ...                [ 18%]
packages/methyldomain/tests/test_platform_storage.py ...                 [ 18%]
packages/methylenricher/tests/test_cisbp.py .................            [ 20%]
packages/methylenricher/tests/test_cli_network_refinement_config.py ...  [ 20%]
packages/methylenricher/tests/test_enricher_completeness.py ......F..    [ 21%]
packages/methylenricher/tests/test_enricher_project_resolver.py ....F    [ 21%]
packages/methylenricher/tests/test_enricher_queue.py FF                  [ 21%]
packages/methylenricher/tests/test_ensure_complete_empty_genes.py ..     [ 22%]
packages/methylenricher/tests/test_gene_q_filter_guard.py .              [ 22%]
packages/methylenricher/tests/test_hits_weighting.py ....                [ 22%]
packages/methylenricher/tests/test_module_network_plot_dash.py ...       [ 22%]
packages/methylenricher/tests/test_module_pipeline_disease_prior.py .... [ 23%]
                                                                         [ 23%]
packages/methylenricher/tests/test_module_pipeline_labeling.py ...       [ 23%]
packages/methylenricher/tests/test_module_pipeline_network_refinement.py . [ 23%]
..                                                                       [ 23%]
packages/methylenricher/tests/test_network_discovery.py ..               [ 24%]
packages/methylenricher/tests/test_pathway_clustering.py ....            [ 24%]
packages/methylenricher/tests/test_ppi_network.py ......                 [ 25%]
packages/methylenricher/tests/test_weighted_enrichment_metrics.py .      [ 25%]
packages/methylextractionqc/tests/test_guardrails.py .....               [ 25%]
packages/methylfragmentomics/tests/test_bam_resolve.py ..                [ 25%]
packages/methylfragmentomics/tests/test_chrom_set.py ....                [ 26%]
packages/methylgeneselect/tests/test_dmp_panel.py ...                    [ 26%]
packages/methylgeneselect/tests/test_project_config.py ..                [ 26%]
packages/methylmapper/tests/test_cache_db.py .........                   [ 27%]
packages/methylmapper/tests/test_direction_sign.py ..                    [ 27%]
packages/methylmapper/tests/test_effect_size_recovery.py ..              [ 28%]
packages/methylmapper/tests/test_enrich_source_parse.py ..               [ 28%]
packages/methylmapper/tests/test_gene_stat_export.py ...........         [ 29%]
packages/methylmapper/tests/test_mapper_project_resolver.py .....        [ 29%]
packages/methylmapper/tests/test_persist_secret.py ...                   [ 30%]
packages/methylpredictor/tests/test_expand_test_paths.py ..              [ 30%]
packages/methylpredictor/tests/test_project_resolver_binary_group_paths.py F [ 30%]
FFFFFFFFF                                                                [ 31%]
packages/methylpredictor/tests/test_project_resolver_deprecations.py F   [ 31%]
packages/methylpredictor/tests/test_project_resolver_ecdf_gene_multiclass.py F [ 31%]
                                                                         [ 31%]
packages/methylpredictor/tests/test_project_resolver_multiclass_cli.py . [ 31%]
.                                                                        [ 31%]
packages/methylpredictor/tests/test_project_resolver_strict_types.py .   [ 31%]
packages/methylpredictor/tests/test_run_prediction.py ..F.......         [ 32%]
packages/methylutils/tests/test_analyte_profiles.py ........             [ 33%]
packages/methylutils/tests/test_disease_stages.py ..                     [ 33%]
packages/methylutils/tests/test_dmp_export_paths.py ........             [ 34%]
packages/methylutils/tests/test_ecdf_aggregated_ovr.py ....              [ 35%]
packages/methylutils/tests/test_pipeline_config_contracts.py ......      [ 35%]
packages/methylutils/tests/test_profile_paths.py ....                    [ 36%]
packages/methylutils/tests/test_sample_qc_missing_h5.py ..               [ 36%]
packages/methylvalidation/tests/test_analyte_guard.py ....               [ 36%]
packages/methylvalidation/tests/test_analyte_profile_pipeline.py .       [ 36%]
packages/methylvalidation/tests/test_backend_profiles_strict.py ........ [ 37%]
.                                                                        [ 37%]
packages/methylvalidation/tests/test_biological_model_gate.py ...        [ 38%]
packages/methylvalidation/tests/test_biomarker_gene_pool.py ........     [ 38%]
packages/methylvalidation/tests/test_centroid_deltas.py ........         [ 39%]
packages/methylvalidation/tests/test_classification_metrics.py ...       [ 39%]
packages/methylvalidation/tests/test_classifier_dmp_panel.py ...         [ 40%]
packages/methylvalidation/tests/test_cli_resume.py ...............       [ 41%]
packages/methylvalidation/tests/test_config_schema_export.py .......     [ 42%]
packages/methylvalidation/tests/test_fragmentomics_context.py ..         [ 42%]
packages/methylvalidation/tests/test_gene_featurecuts.py .....           [ 43%]
packages/methylvalidation/tests/test_gene_featurecuts_pipeline.py .      [ 43%]
packages/methylvalidation/tests/test_generative_backend.py ........F.    [ 44%]
packages/methylvalidation/tests/test_hyperparam_objective.py ....        [ 44%]
packages/methylvalidation/tests/test_hyperparam_search_dry_run.py ..     [ 44%]
packages/methylvalidation/tests/test_metrics_and_split.py ......         [ 45%]
packages/methylvalidation/tests/test_model_bundle_tabular_backend.py ... [ 45%]
...............................                                          [ 48%]
packages/methylvalidation/tests/test_model_mc_backend_layout.py ...      [ 49%]
packages/methylvalidation/tests/test_model_mc_selection.py ..            [ 49%]
packages/methylvalidation/tests/test_modeling_mode_stability.py ....     [ 49%]
packages/methylvalidation/tests/test_modeling_modes.py ......            [ 50%]
packages/methylvalidation/tests/test_monte_carlo_binary_comparisons.py F [ 50%]
                                                                         [ 50%]
packages/methylvalidation/tests/test_monte_carlo_multiclass.py ......... [ 51%]
..                                                                       [ 51%]
packages/methylvalidation/tests/test_observed_feature_builder.py ....... [ 52%]
...................................                                      [ 55%]
packages/methylvalidation/tests/test_path_remap.py .......               [ 56%]
packages/methylvalidation/tests/test_post_model_validation_runner.py ... [ 56%]
                                                                         [ 56%]
packages/methylvalidation/tests/test_progression_hook.py .....           [ 57%]
packages/methylvalidation/tests/test_project_path_resolution.py ...      [ 57%]
packages/methylvalidation/tests/test_queue_workflow.py FFFFFF            [ 58%]
packages/methylvalidation/tests/test_raw_gene_features.py ......         [ 58%]
packages/methylvalidation/tests/test_regulatory_reporting.py ....        [ 59%]
packages/methylvalidation/tests/test_reuse_splits.py .....               [ 59%]
packages/methylvalidation/tests/test_rollout.py .                        [ 59%]
packages/methylvalidation/tests/test_run_mapper.py ..                    [ 59%]
packages/methylvalidation/tests/test_sample_prep_planner.py FFFFFFFFF    [ 60%]
packages/methylvalidation/tests/test_split_detector_pipeline.py ....     [ 61%]
packages/methylvalidation/tests/test_stability_detector_parameters.py .. [ 61%]
........                                                                 [ 62%]
packages/methylvalidation/tests/test_stability_dual_cutoff.py .........  [ 63%]
packages/methylvalidation/tests/test_stability_featurecuts.py .....      [ 63%]
packages/methylvalidation/tests/test_stability_freeze_mapper_annotations.py . [ 63%]
..                                                                       [ 63%]
packages/methylvalidation/tests/test_stability_freeze_readiness.py ..... [ 64%]
................                                                         [ 66%]
packages/methylvalidation/tests/test_stability_gene_panels.py ........   [ 66%]
packages/methylvalidation/tests/test_stability_recurrence_metadata.py .. [ 67%]
.                                                                        [ 67%]
packages/methylvalidation/tests/test_tabular_method_config_schema.py ... [ 67%]
.                                                                        [ 67%]
packages/methylvalidation/tests/test_trainer_api_ecdf_second_stage.py .. [ 67%]
.....                                                                    [ 68%]
packages/methylvalidation/tests/test_workflow_planner.py .......         [ 68%]
packages/methylvalidation/tests/test_workflow_planner_groups.py ..       [ 69%]
workflow_engine/tests/test_admin_client.py .                             [ 69%]
workflow_engine/tests/test_admin_handlers.py ....                        [ 69%]
workflow_engine/tests/test_asgi.py ..                                    [ 69%]
workflow_engine/tests/test_azure_auth.py ....                            [ 70%]
workflow_engine/tests/test_collection_bindings.py s                      [ 70%]
workflow_engine/tests/test_connection.py ..........                      [ 71%]
workflow_engine/tests/test_db_client.py ..                               [ 71%]
workflow_engine/tests/test_dmp_gene_modeling_modes.py ........           [ 72%]
workflow_engine/tests/test_domain_compiler.py ........F.                 [ 73%]
workflow_engine/tests/test_foreach_iteration_scope.py ...                [ 73%]
workflow_engine/tests/test_gateway_auth.py ...........                   [ 74%]
workflow_engine/tests/test_gateway_platform_storage.py ....              [ 75%]
workflow_engine/tests/test_local_engine.py ...........                   [ 76%]
workflow_engine/tests/test_mssql_batches.py ..                           [ 76%]
workflow_engine/tests/test_mssql_json_binding_policy.py .....            [ 76%]
workflow_engine/tests/test_no_step_config_in_projects.py ..              [ 77%]
workflow_engine/tests/test_pipeline_profiles.py ....FFF...               [ 78%]
workflow_engine/tests/test_sample_prep_lifecycle.py F.                   [ 78%]
workflow_engine/tests/test_study_lifecycle.py ..                         [ 78%]
workflow_engine/tests/test_workflow_builder.py s                         [ 78%]
workflow_engine/tests/test_workflow_context.py ....                      [ 79%]
workers/tests/test_action_catalog.py .........                           [ 79%]
workers/tests/test_action_run_log.py ......                              [ 80%]
workers/tests/test_action_skip.py .........                              [ 81%]
workers/tests/test_centroid_argv.py ..                                   [ 81%]
workers/tests/test_centroid_seed_copy.py ..                              [ 81%]
workers/tests/test_client.py ....                                        [ 82%]
workers/tests/test_collectors_manifest.py ....                           [ 82%]
workers/tests/test_detector_argv.py ....                                 [ 83%]
workers/tests/test_extract_runner.py ...........                         [ 84%]
workers/tests/test_extraction_qc_handler.py .                            [ 84%]
workers/tests/test_fastq_source.py .........                             [ 85%]
workers/tests/test_fastq_source_helpers.py ..                            [ 85%]
workers/tests/test_fastq_storage_models.py ......                        [ 85%]
workers/tests/test_gene_feature_select_action.py .                       [ 86%]
workers/tests/test_gene_select_action.py ......                          [ 86%]
workers/tests/test_golden_task_outputs.py .............................. [ 89%]
........................F...........                                     [ 93%]
workers/tests/test_h5_upload.py .........                                [ 94%]
workers/tests/test_handlers.py ....F.                                    [ 94%]
workers/tests/test_in_process_action.py ......                           [ 95%]
workers/tests/test_mapper_argv.py ..                                     [ 95%]
workers/tests/test_parabricks_runner.py ........                         [ 96%]
workers/tests/test_sample_prep_log.py .                                  [ 96%]
workers/tests/test_split_detector_task_schemas.py .....                  [ 96%]
workers/tests/test_split_workflow_actions.py ...                         [ 97%]
workers/tests/test_stub_external.py ..                                   [ 97%]
workers/tests/test_task_validation.py ...........                        [ 98%]
workers/tests/test_validation_model_mc.py .                              [ 98%]
workers/tests/test_validation_planner_handler.py ..                      [ 98%]
tools/tests/test_compare_analyte_mc_gene_fc.py ..                        [ 99%]
tools/tests/test_compare_analyte_mc_signatures.py ....                   [ 99%]
tools/tests/test_compare_analyte_outputs.py .....                        [100%]

=============================== warnings summary ===============================
packages/methylclassifier/methyl_classifier/models/config.py:10
  /home/ubuntu/MethylPipeline/packages/methylclassifier/methyl_classifier/models/config.py:10: PydanticDeprecatedSince20: Support for class-based `config` is deprecated, use ConfigDict instead. Deprecated in Pydantic V2.0 to be removed in V3.0. See Pydantic V2 Migration Guide at https://errors.pydantic.dev/2.13/migration/
    class ClassifierConfig(BaseModel):

packages/methylclassifier/methyl_classifier/models/config_schema.py:10
  /home/ubuntu/MethylPipeline/packages/methylclassifier/methyl_classifier/models/config_schema.py:10: PydanticDeprecatedSince20: Support for class-based `config` is deprecated, use ConfigDict instead. Deprecated in Pydantic V2.0 to be removed in V3.0. See Pydantic V2 Migration Guide at https://errors.pydantic.dev/2.13/migration/
    class ClassificationConfig(BaseModel):

packages/methylpredictor/methyl_predictor/models/config.py:23
  /home/ubuntu/MethylPipeline/packages/methylpredictor/methyl_predictor/models/config.py:23: PydanticDeprecatedSince20: Support for class-based `config` is deprecated, use ConfigDict instead. Deprecated in Pydantic V2.0 to be removed in V3.0. See Pydantic V2 Migration Guide at https://errors.pydantic.dev/2.13/migration/
    class PredictorConfig(BaseModel):

.venv/lib/python3.12/site-packages/sqlmodel/main.py:583
.venv/lib/python3.12/site-packages/sqlmodel/main.py:583
  /home/ubuntu/MethylPipeline/.venv/lib/python3.12/site-packages/sqlmodel/main.py:583: PydanticDeprecatedSince20: Support for class-based `config` is deprecated, use ConfigDict instead. Deprecated in Pydantic V2.0 to be removed in V3.0. See Pydantic V2 Migration Guide at https://errors.pydantic.dev/2.13/migration/
    "SQLModel", super().__new__(cls, name, bases, dict_used, **config_kwargs)

packages/methylclassifier/tests/test_native_multiclass.py: 1 warning
packages/methylclassifier/tests/test_ovr_ecdf.py: 18 warnings
  /home/ubuntu/MethylPipeline/packages/methylclassifier/methyl_classifier/core/classifier.py:62: DeprecationWarning: numpy.core.numeric is deprecated and has been renamed to numpy._core.numeric. The numpy._core namespace contains private NumPy internals and its use is discouraged, as NumPy internals can change without warning in any release. In practice, most real-world usage of numpy.core is to access functionality in the public NumPy API. If that is the case, use the public NumPy API. If not, you are using NumPy internals. If you would still like to access an internal attribute, use numpy._core.numeric._frombuffer.
    return super().find_class(module, name)

packages/methylvalidation/tests/test_model_bundle_tabular_backend.py::test_tabular_covariate_preprocessor_categorical
packages/methylvalidation/tests/test_model_bundle_tabular_backend.py::test_tabular_covariate_preprocessor_ordinal
packages/methylvalidation/tests/test_model_bundle_tabular_backend.py::test_tabular_observed_hybrid_train_predict_schema_parity
packages/methylvalidation/tests/test_model_bundle_tabular_backend.py::test_tabular_multi_method_sequence_outputs_ranking
packages/methylvalidation/tests/test_model_bundle_tabular_backend.py::test_tabular_train_dataset_cache_hit_skips_feature_recompute
packages/methylvalidation/tests/test_model_bundle_tabular_backend.py::test_tabular_train_dataset_cache_hit_skips_feature_recompute
packages/methylvalidation/tests/test_model_bundle_tabular_backend.py::test_tabular_observed_hybrid_cache_schema_mismatch_recomputes
packages/methylvalidation/tests/test_model_bundle_tabular_backend.py::test_tabular_observed_hybrid_cache_schema_mismatch_recomputes
  /home/ubuntu/MethylPipeline/.venv/lib/python3.12/site-packages/sklearn/linear_model/_logistic.py:1135: FutureWarning: 'penalty' was deprecated in version 1.8 and will be removed in 1.10. To avoid this warning, leave 'penalty' set to its default value and use 'l1_ratio' or 'C' instead. Use l1_ratio=0 instead of penalty='l2', l1_ratio=1 instead of penalty='l1', and C=np.inf instead of penalty=None.
    warnings.warn(

packages/methylvalidation/tests/test_workflow_planner.py::test_plan_validation_context_materializes_iterations
packages/methylvalidation/tests/test_workflow_planner.py::test_plan_validation_context_profile_overrides_exclude_legacy_defaults
packages/methylvalidation/tests/test_workflow_planner.py::test_plan_validation_context_regenerates_legacy_step_config_run_project
packages/methylvalidation/tests/test_workflow_planner.py::test_plan_validation_context_resume_includes_monte_carlo_runs_root
packages/methylvalidation/tests/test_workflow_planner.py::test_plan_validation_context_binary_centroid_groups
packages/methylvalidation/tests/test_workflow_planner.py::test_plan_validation_context_binary_resume_rehydrates_centroid_groups
  /home/ubuntu/MethylPipeline/packages/methylvalidation/methyl_validation/split.py:148: UserWarning: Monte Carlo: small train/val counts for some cohorts (every label still split; metrics may be high-variance): __control__: train_n=1 val_n=1; __disease__: train_n=1 val_n=1
    train_m, val_m = stratified_split_multiclass(

-- Docs: https://docs.pytest.org/en/stable/how-to/capture-warnings.html
=========================== short test summary info ============================
FAILED packages/methylalignmentqc/tests/test_project_resolver.py::test_resolve_alignment_qc_config_step_config_validate_schema
FAILED packages/methylalignmentqc/tests/test_project_resolver.py::test_resolve_alignment_qc_config_supports_control_and_label_filters
FAILED packages/methylclassifier/tests/test_native_multiclass.py::test_native_multiclass_learned_head_smoke
FAILED packages/methyldomain/tests/test_domain_types.py::test_stratified_cohort_draw_has_type
FAILED packages/methylenricher/tests/test_enricher_completeness.py::test_production_enricher_root_not_control_subdir
FAILED packages/methylenricher/tests/test_enricher_project_resolver.py::test_resolve_methyl_enricher_home_from_step_config
FAILED packages/methylenricher/tests/test_enricher_queue.py::test_plan_and_export_queue
FAILED packages/methylenricher/tests/test_enricher_queue.py::test_parse_task_file
FAILED packages/methylpredictor/tests/test_project_resolver_binary_group_paths.py::test_binary_resolver_accepts_group_paths_train_holdout
FAILED packages/methylpredictor/tests/test_project_resolver_binary_group_paths.py::test_binary_resolver_accepts_test_group_paths
FAILED packages/methylpredictor/tests/test_project_resolver_binary_group_paths.py::test_binary_resolver_prefers_test_group_paths_over_training_cohorts
FAILED packages/methylpredictor/tests/test_project_resolver_binary_group_paths.py::test_binary_per_comparison_resolver_accepts_test_group_paths
FAILED packages/methylpredictor/tests/test_project_resolver_binary_group_paths.py::test_comparison_multiclass_resolver_accepts_multiclass_test_group_paths
FAILED packages/methylpredictor/tests/test_project_resolver_binary_group_paths.py::test_binary_resolver_rejects_test_group_paths_with_non_binary_class_index
FAILED packages/methylpredictor/tests/test_project_resolver_binary_group_paths.py::test_binary_resolver_rejects_test_group_paths_missing_class_index
FAILED packages/methylpredictor/tests/test_project_resolver_binary_group_paths.py::test_binary_resolver_rejects_group_paths_with_non_binary_class_index
FAILED packages/methylpredictor/tests/test_project_resolver_binary_group_paths.py::test_binary_resolver_rejects_group_paths_missing_class_index
FAILED packages/methylpredictor/tests/test_project_resolver_binary_group_paths.py::test_binary_resolver_rejects_empty_holdout_group_paths
FAILED packages/methylpredictor/tests/test_project_resolver_deprecations.py::test_resolve_predictor_config_warns_on_validator_alias
FAILED packages/methylpredictor/tests/test_project_resolver_ecdf_gene_multiclass.py::test_per_comparison_resolver_uses_ecdf_gene_ovr_as_multiclass
FAILED packages/methylpredictor/tests/test_run_prediction.py::test_run_prediction_aggregated_ecdf_path_writes_evidence_columns
FAILED packages/methylvalidation/tests/test_generative_backend.py::test_pipeline_runner_generative_backend_dispatch
FAILED packages/methylvalidation/tests/test_monte_carlo_binary_comparisons.py::test_generate_run_project_comparisons_match_resolved_groups_staged_template
FAILED packages/methylvalidation/tests/test_queue_workflow.py::test_export_queue_from_plan
FAILED packages/methylvalidation/tests/test_queue_workflow.py::test_plan_runs_idempotent_replan_same_seed
FAILED packages/methylvalidation/tests/test_queue_workflow.py::test_plan_runs_overwrite_does_not_delete_run_dirs
FAILED packages/methylvalidation/tests/test_queue_workflow.py::test_plan_runs_wipe_runs_deletes_run_dirs
FAILED packages/methylvalidation/tests/test_queue_workflow.py::test_plan_runs_incremental_preserves_completed_runs_and_adds_new
FAILED packages/methylvalidation/tests/test_queue_workflow.py::test_run_task_exits_0_if_already_completed
FAILED packages/methylvalidation/tests/test_sample_prep_planner.py::test_explicit_samples_with_s3_storage
FAILED packages/methylvalidation/tests/test_sample_prep_planner.py::test_csv_plus_azure_storage
FAILED packages/methylvalidation/tests/test_sample_prep_planner.py::test_csv_rejects_legacy_uri
FAILED packages/methylvalidation/tests/test_sample_prep_planner.py::test_use_project_samples
FAILED packages/methylvalidation/tests/test_sample_prep_planner.py::test_dedupe_by_sample_id
FAILED packages/methylvalidation/tests/test_sample_prep_planner.py::test_explicit_fastq_source_override
FAILED packages/methylvalidation/tests/test_sample_prep_planner.py::test_cfdna_primary_analyte
FAILED packages/methylvalidation/tests/test_sample_prep_planner.py::test_h5_storage_materializes_per_sample_destination
FAILED packages/methylvalidation/tests/test_sample_prep_planner.py::test_prefix_base_on_fastq_storage
FAILED workflow_engine/tests/test_domain_compiler.py::test_buffy_action_templates_are_self_contained_when_resolved
FAILED workflow_engine/tests/test_pipeline_profiles.py::test_enrich_preserves_profile_validation_when_single_pipeline_flag_set
FAILED workflow_engine/tests/test_pipeline_profiles.py::test_composable_programs_compile_with_if_nodes[program_path0]
FAILED workflow_engine/tests/test_pipeline_profiles.py::test_composable_programs_compile_with_if_nodes[program_path1]
FAILED workflow_engine/tests/test_sample_prep_lifecycle.py::test_start_sample_prep_plans_context_and_starts_instance
FAILED workers/tests/test_golden_task_outputs.py::test_golden_output_fixture[validation.plan_iterations]
FAILED workers/tests/test_handlers.py::test_methyl_extract_idempotent_when_outputs_exist
=========== 45 failed, 951 passed, 3 skipped, 38 warnings in 31.90s ============
