============================= test session starts ==============================
platform linux -- Python 3.12.3, pytest-7.4.4, pluggy-1.6.0
rootdir: /home/ubuntu/MethylPipeline
configfile: pyproject.toml
testpaths: packages/*/tests, workflow_engine/tests, workers/tests, tools/tests
plugins: anyio-4.14.0, zarr-3.2.1, cov-7.1.0
collected 999 items / 1 error

=============================== warnings summary ===============================
packages/methylclassifier/methyl_classifier/models/config.py:10
  /home/ubuntu/MethylPipeline/packages/methylclassifier/methyl_classifier/models/config.py:10: PydanticDeprecatedSince20: Support for class-based `config` is deprecated, use ConfigDict instead. Deprecated in Pydantic V2.0 to be removed in V3.0. See Pydantic V2 Migration Guide at https://errors.pydantic.dev/2.13/migration/
    class ClassifierConfig(BaseModel):

packages/methylclassifier/methyl_classifier/models/config_schema.py:10
  /home/ubuntu/MethylPipeline/packages/methylclassifier/methyl_classifier/models/config_schema.py:10: PydanticDeprecatedSince20: Support for class-based `config` is deprecated, use ConfigDict instead. Deprecated in Pydantic V2.0 to be removed in V3.0. See Pydantic V2 Migration Guide at https://errors.pydantic.dev/2.13/migration/
    class ClassificationConfig(BaseModel):

packages/methylpredictor/methyl_predictor/models/config.py:23
  /home/ubuntu/MethylPipeline/packages/methylpredictor/methyl_predictor/models/config.py:23: PydanticDeprecatedSince20: Support for class-based `config` is deprecated, use ConfigDict instead. Deprecated in Pydantic V2.0 to be removed in V3.0. See Pydantic V2 Migration Guide at https://errors.pydantic.dev/2.13/migration/
    class PredictorConfig(BaseModel):

.venv/lib/python3.12/site-packages/sqlmodel/main.py:583
.venv/lib/python3.12/site-packages/sqlmodel/main.py:583
  /home/ubuntu/MethylPipeline/.venv/lib/python3.12/site-packages/sqlmodel/main.py:583: PydanticDeprecatedSince20: Support for class-based `config` is deprecated, use ConfigDict instead. Deprecated in Pydantic V2.0 to be removed in V3.0. See Pydantic V2 Migration Guide at https://errors.pydantic.dev/2.13/migration/
    "SQLModel", super().__new__(cls, name, bases, dict_used, **config_kwargs)

-- Docs: https://docs.pytest.org/en/stable/how-to/capture-warnings.html
=========================== short test summary info ============================
ERROR workers/tests/test_runner.py
!!!!!!!!!!!!!!!!!!!! Interrupted: 1 error during collection !!!!!!!!!!!!!!!!!!!!
========================= 5 warnings, 1 error in 3.58s =========================
